0001_0025_0020_0066_0066.jpg 1 25 20 66 66
0002_0014_0059_0031_0031.jpg 1 14 59 31 31
0003_0018_0014_0034_0034.jpg 1 18 14 34 34
0004_0032_0031_0032_0032.jpg 1 32 31 32 32
0005_0017_0014_0055_0055.jpg 1 17 14 55 55
0006_0009_0014_0038_0038.jpg 1 9 14 38 38
0007_0008_0044_0049_0049.jpg 1 8 44 49 49
0008_0013_0032_0061_0061.jpg 1 13 32 61 61
0009_0049_0018_0044_0044.jpg 1 49 18 44 44
0010_0007_0026_0040_0040.jpg 1 7 26 40 40
0011_0053_0008_0029_0029.jpg 1 53 8 29 29
0012_0036_0018_0053_0053.jpg 1 36 18 53 53
0013_0010_0008_0059_0059.jpg 1 10 8 59 59
0014_0038_0019_0048_0048.jpg 1 38 19 48 48
0015_0015_0015_0046_0046.jpg 1 15 15 46 46
0016_0019_0051_0039_0039.jpg 1 19 51 39 39
0017_0058_0039_0025_0025.jpg 1 58 39 25 25
0018_0040_0030_0040_0040.jpg 1 40 30 40 40
0019_0019_0040_0036_0036.jpg 1 19 40 36 36
0020_0054_0021_0031_0031.jpg 1 54 21 31 31
0021_0052_0011_0038_0038.jpg 1 52 11 38 38
0022_0040_0029_0048_0048.jpg 1 40 29 48 48
0023_0008_0028_0040_0040.jpg 1 8 28 40 40
0024_0018_0006_0066_0066.jpg 1 18 6 66 66
0025_0028_0008_0039_0039.jpg 1 28 8 39 39
0026_0025_0006_0043_0043.jpg 1 25 6 43 43
0027_0015_0015_0068_0068.jpg 1 15 15 68 68
0028_0036_0040_0041_0041.jpg 1 36 40 41 41
0029_0008_0056_0026_0026.jpg 1 8 56 26 26
0030_0029_0015_0036_0036.jpg 1 29 15 36 36
0031_0031_0035_0027_0027.jpg 1 31 35 27 27
0032_0016_0033_0060_0060.jpg 1 16 33 60 60
0033_0010_0060_0025_0025.jpg 1 10 60 25 25
0034_0019_0019_0052_0052.jpg 1 19 19 52 52
0035_0038_0035_0033_0033.jpg 1 38 35 33 33
0036_0015_0045_0027_0027.jpg 1 15 45 27 27
0037_0046_0027_0024_0024.jpg 1 46 27 24 24
0038_0016_0019_0057_0057.jpg 1 16 19 57 57
0039_0011_0023_0044_0044.jpg 1 11 23 44 44
0040_0024_0025_0057_0057.jpg 1 24 25 57 57
0041_0016_0030_0042_0042.jpg 1 16 30 42 42
0042_0040_0047_0046_0046.jpg 1 40 47 46 46
0043_0031_0007_0057_0057.jpg 1 31 7 57 57
0044_0054_0017_0026_0026.jpg 1 54 17 26 26
0045_0033_0033_0048_0048.jpg 1 33 33 48 48
0046_0009_0010_0067_0067.jpg 1 9 10 67 67
0047_0019_0016_0062_0062.jpg 1 19 16 62 62
0048_0028_0035_0055_0055.jpg 1 28 35 55 55
0049_0009_0025_0068_0068.jpg 1 9 25 68 68
0050_0010_0015_0069_0069.jpg 1 10 15 69 69
0051_0013_0007_0068_0068.jpg 1 13 7 68 68
0052_0017_0041_0051_0051.jpg 1 17 41 51 51
0053_0041_0039_0054_0054.jpg 1 41 39 54 54
0054_0031_0028_0033_0033.jpg 1 31 28 33 33
0055_0021_0023_0068_0068.jpg 1 21 23 68 68
0056_0029_0029_0043_0043.jpg 1 29 29 43 43
0057_0048_0008_0039_0039.jpg 1 48 8 39 39
0058_0023_0028_0046_0046.jpg 1 23 28 46 46
0059_0040_0026_0025_0025.jpg 1 40 26 25 25
0060_0029_0005_0062_0062.jpg 1 29 5 62 62
0061_0012_0024_0050_0050.jpg 1 12 24 50 50
0062_0043_0018_0038_0038.jpg 1 43 18 38 38
0063_0006_0021_0065_0065.jpg 1 6 21 65 65
0064_0023_0015_0061_0061.jpg 1 23 15 61 61
0065_0007_0012_0064_0064.jpg 1 7 12 64 64
0066_0008_0034_0024_0024.jpg 1 8 34 24 24
0067_0030_0014_0042_0042.jpg 1 30 14 42 42
0068_0020_0024_0052_0052.jpg 1 20 24 52 52
0069_0031_0009_0042_0042.jpg 1 31 9 42 42
0070_0034_0012_0036_0036.jpg 1 34 12 36 36
0071_0049_0036_0024_0024.jpg 1 49 36 24 24
0072_0064_0051_0024_0024.jpg 1 64 51 24 24
0073_0020_0007_0064_0064.jpg 1 20 7 64 64
0074_0035_0028_0026_0026.jpg 1 35 28 26 26
0075_0042_0017_0034_0034.jpg 1 42 17 34 34
0076_0013_0022_0046_0046.jpg 1 13 22 46 46
0077_0008_0014_0054_0054.jpg 1 8 14 54 54
0078_0011_0047_0030_0030.jpg 1 11 47 30 30
0079_0026_0034_0060_0060.jpg 1 26 34 60 60
0080_0019_0014_0061_0061.jpg 1 19 14 61 61
0081_0046_0012_0044_0044.jpg 1 46 12 44 44
0082_0040_0033_0055_0055.jpg 1 40 33 55 55
0083_0017_0013_0054_0054.jpg 1 17 13 54 54
0084_0031_0033_0056_0056.jpg 1 31 33 56 56
0085_0023_0017_0057_0057.jpg 1 23 17 57 57
0086_0049_0056_0033_0033.jpg 1 49 56 33 33
0087_0008_0020_0055_0055.jpg 1 8 20 55 55
0088_0057_0042_0035_0035.jpg 1 57 42 35 35
0089_0022_0004_0069_0069.jpg 1 22 4 69 69
0090_0014_0017_0050_0050.jpg 1 14 17 50 50
0091_0040_0012_0026_0026.jpg 1 40 12 26 26
0092_0009_0047_0036_0036.jpg 1 9 47 36 36
0093_0016_0008_0056_0056.jpg 1 16 8 56 56
0094_0022_0016_0067_0067.jpg 1 22 16 67 67
0095_0064_0065_0025_0025.jpg 1 64 65 25 25
0096_0020_0041_0040_0040.jpg 1 20 41 40 40
0097_0028_0033_0042_0042.jpg 1 28 33 42 42
0098_0027_0006_0052_0052.jpg 1 27 6 52 52
0099_0018_0026_0055_0055.jpg 1 18 26 55 55
0100_0056_0045_0037_0037.jpg 1 56 45 37 37
0101_0012_0031_0042_0042.jpg 1 12 31 42 42
0102_0013_0018_0067_0067.jpg 1 13 18 67 67
0103_0033_0030_0031_0031.jpg 1 33 30 31 31
0104_0042_0008_0042_0042.jpg 1 42 8 42 42
0105_0042_0029_0049_0049.jpg 1 42 29 49 49
0106_0009_0021_0037_0037.jpg 1 9 21 37 37
0107_0019_0018_0055_0055.jpg 1 19 18 55 55
0108_0019_0035_0042_0042.jpg 1 19 35 42 42
0109_0048_0027_0043_0043.jpg 1 48 27 43 43
0110_0017_0026_0053_0053.jpg 1 17 26 53 53
0111_0050_0011_0038_0038.jpg 1 50 11 38 38
0112_0049_0023_0027_0027.jpg 1 49 23 27 27
0113_0038_0020_0027_0027.jpg 1 38 20 27 27
0114_0009_0039_0040_0040.jpg 1 9 39 40 40
0115_0028_0032_0052_0052.jpg 1 28 32 52 52
0116_0063_0033_0026_0026.jpg 1 63 33 26 26
0117_0023_0012_0059_0059.jpg 1 23 12 59 59
0118_0023_0044_0041_0041.jpg 1 23 44 41 41
0119_0037_0045_0049_0049.jpg 1 37 45 49 49
0120_0019_0020_0025_0025.jpg 1 19 20 25 25
0121_0063_0050_0026_0026.jpg 1 63 50 26 26
0122_0024_0021_0051_0051.jpg 1 24 21 51 51
0123_0030_0024_0043_0043.jpg 1 30 24 43 43
0124_0023_0048_0032_0032.jpg 1 23 48 32 32
0125_0043_0009_0048_0048.jpg 1 43 9 48 48
0126_0048_0018_0040_0040.jpg 1 48 18 40 40
0127_0008_0040_0046_0046.jpg 1 8 40 46 46
0128_0030_0029_0043_0043.jpg 1 30 29 43 43
0129_0057_0007_0025_0025.jpg 1 57 7 25 25
0130_0029_0021_0060_0060.jpg 1 29 21 60 60
0131_0022_0027_0051_0051.jpg 1 22 27 51 51
0132_0015_0011_0052_0052.jpg 1 15 11 52 52
0133_0030_0047_0046_0046.jpg 1 30 47 46 46
0134_0027_0008_0056_0056.jpg 1 27 8 56 56
0135_0009_0009_0055_0055.jpg 1 9 9 55 55
0136_0008_0008_0054_0054.jpg 1 8 8 54 54
0137_0034_0043_0036_0036.jpg 1 34 43 36 36
0138_0037_0028_0029_0029.jpg 1 37 28 29 29
0139_0016_0041_0035_0035.jpg 1 16 41 35 35
0140_0036_0026_0038_0038.jpg 1 36 26 38 38
0141_0025_0019_0038_0038.jpg 1 25 19 38 38
0142_0006_0032_0054_0054.jpg 1 6 32 54 54
0143_0025_0037_0053_0053.jpg 1 25 37 53 53
0144_0045_0036_0044_0044.jpg 1 45 36 44 44
0145_0035_0038_0054_0054.jpg 1 35 38 54 54
0146_0015_0035_0042_0042.jpg 1 15 35 42 42
0147_0029_0025_0049_0049.jpg 1 29 25 49 49
0148_0017_0037_0048_0048.jpg 1 17 37 48 48
0149_0009_0017_0069_0069.jpg 1 9 17 69 69
0150_0026_0005_0050_0050.jpg 1 26 5 50 50
0151_0034_0021_0053_0053.jpg 1 34 21 53 53
0152_0039_0037_0050_0050.jpg 1 39 37 50 50
0153_0010_0028_0066_0066.jpg 1 10 28 66 66
0154_0012_0038_0024_0024.jpg 1 12 38 24 24
0155_0012_0050_0026_0026.jpg 1 12 50 26 26
0156_0026_0045_0036_0036.jpg 1 26 45 36 36
0157_0014_0029_0042_0042.jpg 1 14 29 42 42
0158_0016_0013_0069_0069.jpg 1 16 13 69 69
0159_0035_0009_0055_0055.jpg 1 35 9 55 55
0160_0004_0003_0069_0069.jpg 1 4 3 69 69
0161_0005_0037_0058_0058.jpg 1 5 37 58 58
0162_0031_0024_0055_0055.jpg 1 31 24 55 55
0163_0042_0022_0025_0025.jpg 1 42 22 25 25
0164_0061_0023_0030_0030.jpg 1 61 23 30 30
0165_0024_0052_0034_0034.jpg 1 24 52 34 34
0166_0003_0017_0067_0067.jpg 1 3 17 67 67
0167_0026_0012_0040_0040.jpg 1 26 12 40 40
0168_0023_0042_0032_0032.jpg 1 23 42 32 32
0169_0029_0032_0058_0058.jpg 1 29 32 58 58
0170_0014_0007_0049_0049.jpg 1 14 7 49 49
0171_0034_0036_0053_0053.jpg 1 34 36 53 53
0172_0007_0014_0065_0065.jpg 1 7 14 65 65
0173_0028_0049_0040_0040.jpg 1 28 49 40 40
0174_0013_0014_0066_0066.jpg 1 13 14 66 66
0175_0031_0044_0046_0046.jpg 1 31 44 46 46
0176_0005_0004_0064_0064.jpg 1 5 4 64 64
0177_0029_0005_0052_0052.jpg 1 29 5 52 52
0178_0011_0009_0028_0028.jpg 1 11 9 28 28
0179_0009_0026_0069_0069.jpg 1 9 26 69 69
0180_0028_0051_0035_0035.jpg 1 28 51 35 35
0181_0038_0031_0040_0040.jpg 1 38 31 40 40
0182_0024_0025_0065_0065.jpg 1 24 25 65 65
0183_0023_0033_0039_0039.jpg 1 23 33 39 39
0184_0061_0056_0029_0029.jpg 1 61 56 29 29
0185_0042_0060_0024_0024.jpg 1 42 60 24 24
0186_0011_0004_0059_0059.jpg 1 11 4 59 59
0187_0007_0009_0050_0050.jpg 1 7 9 50 50
0188_0007_0045_0032_0032.jpg 1 7 45 32 32
0189_0055_0030_0025_0025.jpg 1 55 30 25 25
0190_0022_0014_0062_0062.jpg 1 22 14 62 62
0191_0007_0038_0049_0049.jpg 1 7 38 49 49
0192_0019_0009_0055_0055.jpg 1 19 9 55 55
0193_0042_0037_0051_0051.jpg 1 42 37 51 51
0194_0056_0042_0028_0028.jpg 1 56 42 28 28
0195_0022_0037_0038_0038.jpg 1 22 37 38 38
0196_0035_0050_0037_0037.jpg 1 35 50 37 37
0197_0035_0057_0024_0024.jpg 1 35 57 24 24
0198_0007_0026_0063_0063.jpg 1 7 26 63 63
0199_0029_0013_0056_0056.jpg 1 29 13 56 56
0200_0013_0019_0058_0058.jpg 1 13 19 58 58
0201_0039_0039_0055_0055.jpg 1 39 39 55 55
0202_0006_0032_0053_0053.jpg 1 6 32 53 53
0203_0026_0009_0057_0057.jpg 1 26 9 57 57
0204_0023_0021_0065_0065.jpg 1 23 21 65 65
0205_0025_0011_0069_0069.jpg 1 25 11 69 69
0206_0008_0013_0052_0052.jpg 1 8 13 52 52
0207_0032_0028_0059_0059.jpg 1 32 28 59 59
0208_0034_0044_0039_0039.jpg 1 34 44 39 39
0209_0034_0035_0060_0060.jpg 1 34 35 60 60
0210_0022_0021_0037_0037.jpg 1 22 21 37 37
0211_0006_0004_0055_0055.jpg 1 6 4 55 55
0212_0045_0024_0038_0038.jpg 1 45 24 38 38
0213_0019_0025_0063_0063.jpg 1 19 25 63 63
0214_0028_0014_0045_0045.jpg 1 28 14 45 45
0215_0029_0050_0037_0037.jpg 1 29 50 37 37
0216_0035_0017_0044_0044.jpg 1 35 17 44 44
0217_0013_0018_0061_0061.jpg 1 13 18 61 61
0218_0024_0037_0053_0053.jpg 1 24 37 53 53
0219_0017_0010_0034_0034.jpg 1 17 10 34 34
0220_0025_0021_0063_0063.jpg 1 25 21 63 63
0221_0010_0025_0053_0053.jpg 1 10 25 53 53
0222_0033_0032_0060_0060.jpg 1 33 32 60 60
0223_0022_0036_0035_0035.jpg 1 22 36 35 35
0224_0020_0036_0059_0059.jpg 1 20 36 59 59
0225_0050_0011_0024_0024.jpg 1 50 11 24 24
0226_0037_0005_0046_0046.jpg 1 37 5 46 46
0227_0008_0038_0028_0028.jpg 1 8 38 28 28
0228_0036_0016_0056_0056.jpg 1 36 16 56 56
0229_0012_0033_0062_0062.jpg 1 12 33 62 62
0230_0013_0043_0025_0025.jpg 1 13 43 25 25
0231_0029_0053_0040_0040.jpg 1 29 53 40 40
0232_0014_0037_0058_0058.jpg 1 14 37 58 58
0233_0028_0027_0063_0063.jpg 1 28 27 63 63
0234_0014_0027_0049_0049.jpg 1 14 27 49 49
0235_0017_0030_0055_0055.jpg 1 17 30 55 55
0236_0035_0032_0058_0058.jpg 1 35 32 58 58
0237_0009_0050_0042_0042.jpg 1 9 50 42 42
0238_0045_0024_0042_0042.jpg 1 45 24 42 42
0239_0030_0054_0024_0024.jpg 1 30 54 24 24
0240_0031_0041_0053_0053.jpg 1 31 41 53 53
0241_0017_0014_0062_0062.jpg 1 17 14 62 62
0242_0035_0009_0058_0058.jpg 1 35 9 58 58
0243_0015_0027_0058_0058.jpg 1 15 27 58 58
0244_0012_0045_0044_0044.jpg 1 12 45 44 44
0245_0007_0030_0025_0025.jpg 1 7 30 25 25
0246_0022_0041_0026_0026.jpg 1 22 41 26 26
0247_0044_0044_0038_0038.jpg 1 44 44 38 38
0248_0026_0006_0046_0046.jpg 1 26 6 46 46
0249_0054_0028_0034_0034.jpg 1 54 28 34 34
0250_0017_0030_0052_0052.jpg 1 17 30 52 52
0251_0015_0033_0061_0061.jpg 1 15 33 61 61
0252_0050_0033_0032_0032.jpg 1 50 33 32 32
0253_0025_0034_0035_0035.jpg 1 25 34 35 35
0254_0017_0025_0059_0059.jpg 1 17 25 59 59
0255_0008_0044_0026_0026.jpg 1 8 44 26 26
0256_0007_0025_0056_0056.jpg 1 7 25 56 56
0257_0032_0029_0043_0043.jpg 1 32 29 43 43
0258_0021_0019_0063_0063.jpg 1 21 19 63 63
0259_0006_0024_0046_0046.jpg 1 6 24 46 46
0260_0008_0010_0045_0045.jpg 1 8 10 45 45
0261_0017_0043_0041_0041.jpg 1 17 43 41 41
0262_0046_0032_0037_0037.jpg 1 46 32 37 37
0263_0013_0033_0055_0055.jpg 1 13 33 55 55
0264_0027_0034_0048_0048.jpg 1 27 34 48 48
0265_0030_0012_0028_0028.jpg 1 30 12 28 28
0266_0036_0023_0056_0056.jpg 1 36 23 56 56
0267_0026_0047_0043_0043.jpg 1 26 47 43 43
0268_0062_0057_0025_0025.jpg 1 62 57 25 25
0269_0015_0024_0046_0046.jpg 1 15 24 46 46
0270_0044_0021_0043_0043.jpg 1 44 21 43 43
0271_0009_0020_0056_0056.jpg 1 9 20 56 56
0272_0044_0011_0036_0036.jpg 1 44 11 36 36
0273_0022_0019_0049_0049.jpg 1 22 19 49 49
0274_0014_0019_0058_0058.jpg 1 14 19 58 58
0275_0044_0023_0027_0027.jpg 1 44 23 27 27
0276_0022_0012_0068_0068.jpg 1 22 12 68 68
0277_0057_0039_0026_0026.jpg 1 57 39 26 26
0278_0027_0013_0069_0069.jpg 1 27 13 69 69
0279_0039_0027_0056_0056.jpg 1 39 27 56 56
0280_0055_0056_0032_0032.jpg 1 55 56 32 32
0281_0027_0021_0062_0062.jpg 1 27 21 62 62
0282_0021_0014_0069_0069.jpg 1 21 14 69 69
0283_0026_0021_0060_0060.jpg 1 26 21 60 60
0284_0013_0019_0069_0069.jpg 1 13 19 69 69
0285_0018_0023_0040_0040.jpg 1 18 23 40 40
0286_0025_0035_0040_0040.jpg 1 25 35 40 40
0287_0033_0006_0061_0061.jpg 1 33 6 61 61
0288_0044_0039_0046_0046.jpg 1 44 39 46 46
0289_0008_0018_0052_0052.jpg 1 8 18 52 52
0290_0007_0004_0052_0052.jpg 1 7 4 52 52
0291_0041_0012_0030_0030.jpg 1 41 12 30 30
0292_0010_0040_0050_0050.jpg 1 10 40 50 50
0293_0010_0010_0063_0063.jpg 1 10 10 63 63
0294_0017_0026_0068_0068.jpg 1 17 26 68 68
0295_0017_0035_0025_0025.jpg 1 17 35 25 25
0296_0033_0010_0043_0043.jpg 1 33 10 43 43
0297_0019_0007_0066_0066.jpg 1 19 7 66 66
0298_0026_0032_0045_0045.jpg 1 26 32 45 45
0299_0026_0012_0054_0054.jpg 1 26 12 54 54
0300_0054_0029_0026_0026.jpg 1 54 29 26 26
0301_0054_0058_0030_0030.jpg 1 54 58 30 30
0302_0040_0013_0052_0052.jpg 1 40 13 52 52
0303_0031_0010_0042_0042.jpg 1 31 10 42 42
0304_0012_0045_0036_0036.jpg 1 12 45 36 36
0305_0022_0016_0056_0056.jpg 1 22 16 56 56
0306_0009_0007_0067_0067.jpg 1 9 7 67 67
0307_0031_0021_0024_0024.jpg 1 31 21 24 24
0308_0025_0015_0057_0057.jpg 1 25 15 57 57
0309_0026_0028_0038_0038.jpg 1 26 28 38 38
0310_0007_0029_0064_0064.jpg 1 7 29 64 64
0311_0028_0055_0030_0030.jpg 1 28 55 30 30
0312_0018_0011_0044_0044.jpg 1 18 11 44 44
0313_0023_0030_0064_0064.jpg 1 23 30 64 64
0314_0015_0023_0054_0054.jpg 1 15 23 54 54
0315_0029_0033_0057_0057.jpg 1 29 33 57 57
0316_0042_0050_0025_0025.jpg 1 42 50 25 25
0317_0006_0006_0066_0066.jpg 1 6 6 66 66
0318_0022_0016_0067_0067.jpg 1 22 16 67 67
0319_0020_0024_0068_0068.jpg 1 20 24 68 68
0320_0027_0018_0049_0049.jpg 1 27 18 49 49
0321_0014_0018_0052_0052.jpg 1 14 18 52 52
0322_0042_0025_0042_0042.jpg 1 42 25 42 42
0323_0037_0008_0052_0052.jpg 1 37 8 52 52
0324_0007_0032_0045_0045.jpg 1 7 32 45 45
0325_0056_0055_0030_0030.jpg 1 56 55 30 30
0326_0009_0036_0026_0026.jpg 1 9 36 26 26
0327_0028_0023_0054_0054.jpg 1 28 23 54 54
0328_0025_0043_0047_0047.jpg 1 25 43 47 47
0329_0039_0036_0050_0050.jpg 1 39 36 50 50
0330_0016_0058_0033_0033.jpg 1 16 58 33 33
0331_0032_0031_0061_0061.jpg 1 32 31 61 61
0332_0031_0017_0037_0037.jpg 1 31 17 37 37
0333_0026_0035_0051_0051.jpg 1 26 35 51 51
0334_0024_0015_0060_0060.jpg 1 24 15 60 60
0335_0012_0021_0049_0049.jpg 1 12 21 49 49
0336_0031_0039_0041_0041.jpg 1 31 39 41 41
0337_0022_0048_0029_0029.jpg 1 22 48 29 29
0338_0013_0032_0062_0062.jpg 1 13 32 62 62
0339_0011_0052_0033_0033.jpg 1 11 52 33 33
0340_0041_0022_0050_0050.jpg 1 41 22 50 50
0341_0049_0053_0032_0032.jpg 1 49 53 32 32
0342_0009_0052_0027_0027.jpg 1 9 52 27 27
0343_0027_0005_0064_0064.jpg 1 27 5 64 64
0344_0037_0045_0024_0024.jpg 1 37 45 24 24
0345_0049_0044_0037_0037.jpg 1 49 44 37 37
0346_0020_0028_0068_0068.jpg 1 20 28 68 68
0347_0039_0023_0036_0036.jpg 1 39 23 36 36
0348_0008_0012_0067_0067.jpg 1 8 12 67 67
0349_0039_0037_0048_0048.jpg 1 39 37 48 48
0350_0007_0030_0065_0065.jpg 1 7 30 65 65
0351_0016_0023_0065_0065.jpg 1 16 23 65 65
0352_0042_0030_0041_0041.jpg 1 42 30 41 41
0353_0040_0006_0042_0042.jpg 1 40 6 42 42
0354_0007_0028_0067_0067.jpg 1 7 28 67 67
0355_0030_0028_0065_0065.jpg 1 30 28 65 65
0356_0005_0033_0060_0060.jpg 1 5 33 60 60
0357_0030_0018_0063_0063.jpg 1 30 18 63 63
0358_0024_0027_0064_0064.jpg 1 24 27 64 64
0359_0052_0010_0041_0041.jpg 1 52 10 41 41
0360_0007_0031_0059_0059.jpg 1 7 31 59 59
0361_0036_0024_0055_0055.jpg 1 36 24 55 55
0362_0006_0032_0052_0052.jpg 1 6 32 52 52
0363_0061_0039_0027_0027.jpg 1 61 39 27 27
0364_0050_0049_0030_0030.jpg 1 50 49 30 30
0365_0013_0026_0049_0049.jpg 1 13 26 49 49
0366_0038_0018_0036_0036.jpg 1 38 18 36 36
0367_0051_0055_0030_0030.jpg 1 51 55 30 30
0368_0008_0005_0067_0067.jpg 1 8 5 67 67
0369_0018_0017_0044_0044.jpg 1 18 17 44 44
0370_0020_0013_0045_0045.jpg 1 20 13 45 45
0371_0036_0035_0059_0059.jpg 1 36 35 59 59
0372_0014_0010_0058_0058.jpg 1 14 10 58 58
0373_0022_0012_0030_0030.jpg 1 22 12 30 30
0374_0027_0055_0032_0032.jpg 1 27 55 32 32
0375_0046_0039_0025_0025.jpg 1 46 39 25 25
0376_0035_0054_0038_0038.jpg 1 35 54 38 38
0377_0015_0038_0056_0056.jpg 1 15 38 56 56
0378_0032_0013_0055_0055.jpg 1 32 13 55 55
0379_0039_0014_0024_0024.jpg 1 39 14 24 24
0380_0039_0037_0037_0037.jpg 1 39 37 37 37
0381_0056_0020_0031_0031.jpg 1 56 20 31 31
0382_0011_0021_0064_0064.jpg 1 11 21 64 64
0383_0010_0024_0065_0065.jpg 1 10 24 65 65
0384_0037_0015_0035_0035.jpg 1 37 15 35 35
0385_0021_0018_0054_0054.jpg 1 21 18 54 54
0386_0045_0024_0049_0049.jpg 1 45 24 49 49
0387_0042_0015_0037_0037.jpg 1 42 15 37 37
0388_0020_0009_0049_0049.jpg 1 20 9 49 49
0389_0024_0036_0052_0052.jpg 1 24 36 52 52
0390_0037_0011_0036_0036.jpg 1 37 11 36 36
0391_0031_0026_0059_0059.jpg 1 31 26 59 59
0392_0047_0008_0025_0025.jpg 1 47 8 25 25
0393_0042_0048_0025_0025.jpg 1 42 48 25 25
0394_0060_0057_0031_0031.jpg 1 60 57 31 31
0395_0021_0034_0040_0040.jpg 1 21 34 40 40
0396_0028_0023_0054_0054.jpg 1 28 23 54 54
0397_0019_0015_0044_0044.jpg 1 19 15 44 44
0398_0036_0013_0050_0050.jpg 1 36 13 50 50
0399_0061_0017_0025_0025.jpg 1 61 17 25 25
0400_0011_0017_0067_0067.jpg 1 11 17 67 67
0401_0026_0019_0062_0062.jpg 1 26 19 62 62
0402_0029_0041_0036_0036.jpg 1 29 41 36 36
0403_0013_0011_0050_0050.jpg 1 13 11 50 50
0404_0045_0023_0028_0028.jpg 1 45 23 28 28
0405_0017_0012_0045_0045.jpg 1 17 12 45 45
0406_0016_0044_0047_0047.jpg 1 16 44 47 47
0407_0041_0030_0035_0035.jpg 1 41 30 35 35
0408_0044_0033_0051_0051.jpg 1 44 33 51 51
0409_0008_0014_0062_0062.jpg 1 8 14 62 62
0410_0005_0010_0046_0046.jpg 1 5 10 46 46
0411_0046_0036_0027_0027.jpg 1 46 36 27 27
0412_0018_0024_0069_0069.jpg 1 18 24 69 69
0413_0019_0032_0031_0031.jpg 1 19 32 31 31
0414_0035_0029_0033_0033.jpg 1 35 29 33 33
0415_0038_0009_0045_0045.jpg 1 38 9 45 45
0416_0010_0017_0055_0055.jpg 1 10 17 55 55
0417_0015_0005_0062_0062.jpg 1 15 5 62 62
0418_0016_0026_0069_0069.jpg 1 16 26 69 69
0419_0021_0033_0052_0052.jpg 1 21 33 52 52
0420_0033_0028_0062_0062.jpg 1 33 28 62 62
0421_0023_0025_0037_0037.jpg 1 23 25 37 37
0422_0009_0027_0069_0069.jpg 1 9 27 69 69
0423_0046_0029_0034_0034.jpg 1 46 29 34 34
0424_0023_0023_0040_0040.jpg 1 23 23 40 40
0425_0037_0061_0027_0027.jpg 1 37 61 27 27
0426_0008_0016_0051_0051.jpg 1 8 16 51 51
0427_0008_0027_0063_0063.jpg 1 8 27 63 63
0428_0030_0018_0062_0062.jpg 1 30 18 62 62
0429_0020_0018_0049_0049.jpg 1 20 18 49 49
0430_0034_0027_0048_0048.jpg 1 34 27 48 48
0431_0009_0009_0042_0042.jpg 1 9 9 42 42
0432_0025_0039_0032_0032.jpg 1 25 39 32 32
0433_0010_0029_0044_0044.jpg 1 10 29 44 44
0434_0012_0007_0067_0067.jpg 1 12 7 67 67
0435_0011_0042_0044_0044.jpg 1 11 42 44 44
0436_0010_0018_0050_0050.jpg 1 10 18 50 50
0437_0016_0021_0054_0054.jpg 1 16 21 54 54
0438_0052_0033_0038_0038.jpg 1 52 33 38 38
0439_0049_0048_0044_0044.jpg 1 49 48 44 44
0440_0037_0053_0036_0036.jpg 1 37 53 36 36
0441_0004_0033_0059_0059.jpg 1 4 33 59 59
0442_0064_0010_0027_0027.jpg 1 64 10 27 27
0443_0015_0036_0044_0044.jpg 1 15 36 44 44
0444_0027_0013_0045_0045.jpg 1 27 13 45 45
0445_0018_0027_0050_0050.jpg 1 18 27 50 50
0446_0031_0035_0039_0039.jpg 1 31 35 39 39
0447_0004_0018_0062_0062.jpg 1 4 18 62 62
0448_0037_0026_0036_0036.jpg 1 37 26 36 36
0449_0022_0028_0051_0051.jpg 1 22 28 51 51
0450_0010_0025_0049_0049.jpg 1 10 25 49 49
0451_0049_0054_0037_0037.jpg 1 49 54 37 37
0452_0024_0027_0058_0058.jpg 1 24 27 58 58
0453_0029_0047_0040_0040.jpg 1 29 47 40 40
0454_0028_0043_0042_0042.jpg 1 28 43 42 42
0455_0047_0018_0032_0032.jpg 1 47 18 32 32
0456_0019_0013_0045_0045.jpg 1 19 13 45 45
0457_0057_0049_0030_0030.jpg 1 57 49 30 30
0458_0009_0009_0060_0060.jpg 1 9 9 60 60
0459_0044_0035_0042_0042.jpg 1 44 35 42 42
0460_0031_0035_0046_0046.jpg 1 31 35 46 46
0461_0044_0017_0027_0027.jpg 1 44 17 27 27
0462_0031_0035_0041_0041.jpg 1 31 35 41 41
0463_0005_0003_0066_0066.jpg 1 5 3 66 66
0464_0045_0031_0035_0035.jpg 1 45 31 35 35
0465_0044_0052_0035_0035.jpg 1 44 52 35 35
0466_0012_0044_0042_0042.jpg 1 12 44 42 42
0467_0027_0019_0066_0066.jpg 1 27 19 66 66
0468_0010_0032_0054_0054.jpg 1 10 32 54 54
0469_0019_0013_0067_0067.jpg 1 19 13 67 67
0470_0005_0022_0063_0063.jpg 1 5 22 63 63
0471_0034_0030_0051_0051.jpg 1 34 30 51 51
0472_0021_0043_0027_0027.jpg 1 21 43 27 27
0473_0050_0025_0038_0038.jpg 1 50 25 38 38
0474_0016_0024_0060_0060.jpg 1 16 24 60 60
0475_0022_0035_0031_0031.jpg 1 22 35 31 31
0476_0050_0037_0037_0037.jpg 1 50 37 37 37
0477_0037_0024_0055_0055.jpg 1 37 24 55 55
0478_0043_0010_0043_0043.jpg 1 43 10 43 43
0479_0030_0016_0041_0041.jpg 1 30 16 41 41
0480_0050_0024_0024_0024.jpg 1 50 24 24 24
0481_0017_0010_0025_0025.jpg 1 17 10 25 25
0482_0012_0015_0029_0029.jpg 1 12 15 29 29
0483_0034_0013_0056_0056.jpg 1 34 13 56 56
0484_0019_0024_0069_0069.jpg 1 19 24 69 69
0485_0033_0044_0040_0040.jpg 1 33 44 40 40
0486_0057_0053_0032_0032.jpg 1 57 53 32 32
0487_0039_0048_0036_0036.jpg 1 39 48 36 36
0488_0013_0007_0057_0057.jpg 1 13 7 57 57
0489_0030_0016_0058_0058.jpg 1 30 16 58 58
0490_0020_0034_0054_0054.jpg 1 20 34 54 54
0491_0034_0020_0046_0046.jpg 1 34 20 46 46
0492_0046_0029_0029_0029.jpg 1 46 29 29 29
0493_0012_0019_0025_0025.jpg 1 12 19 25 25
0494_0036_0040_0026_0026.jpg 1 36 40 26 26
0495_0026_0043_0039_0039.jpg 1 26 43 39 39
0496_0013_0037_0036_0036.jpg 1 13 37 36 36
0497_0051_0024_0039_0039.jpg 1 51 24 39 39
0498_0040_0036_0045_0045.jpg 1 40 36 45 45
0499_0046_0023_0042_0042.jpg 1 46 23 42 42
0500_0014_0004_0055_0055.jpg 1 14 4 55 55
0501_0021_0014_0051_0051.jpg 1 21 14 51 51
0502_0029_0041_0046_0046.jpg 1 29 41 46 46
0503_0019_0021_0061_0061.jpg 1 19 21 61 61
0504_0057_0034_0036_0036.jpg 1 57 34 36 36
0505_0047_0040_0038_0038.jpg 1 47 40 38 38
0506_0039_0009_0036_0036.jpg 1 39 9 36 36
0507_0020_0037_0054_0054.jpg 1 20 37 54 54
0508_0004_0016_0066_0066.jpg 1 4 16 66 66
0509_0037_0021_0046_0046.jpg 1 37 21 46 46
0510_0038_0008_0048_0048.jpg 1 38 8 48 48
0511_0010_0064_0028_0028.jpg 1 10 64 28 28
0512_0060_0017_0027_0027.jpg 1 60 17 27 27
0513_0019_0014_0045_0045.jpg 1 19 14 45 45
0514_0019_0010_0031_0031.jpg 1 19 10 31 31
0515_0025_0018_0052_0052.jpg 1 25 18 52 52
0516_0036_0031_0054_0054.jpg 1 36 31 54 54
0517_0009_0032_0031_0031.jpg 1 9 32 31 31
0518_0047_0049_0042_0042.jpg 1 47 49 42 42
0519_0015_0015_0065_0065.jpg 1 15 15 65 65
0520_0010_0024_0057_0057.jpg 1 10 24 57 57
0521_0038_0022_0053_0053.jpg 1 38 22 53 53
0522_0025_0003_0064_0064.jpg 1 25 3 64 64
0523_0023_0022_0028_0028.jpg 1 23 22 28 28
0524_0036_0017_0058_0058.jpg 1 36 17 58 58
0525_0048_0007_0040_0040.jpg 1 48 7 40 40
0526_0042_0025_0049_0049.jpg 1 42 25 49 49
0527_0007_0005_0058_0058.jpg 1 7 5 58 58
0528_0034_0008_0044_0044.jpg 1 34 8 44 44
0529_0025_0021_0029_0029.jpg 1 25 21 29 29
0530_0020_0032_0035_0035.jpg 1 20 32 35 35
0531_0050_0031_0039_0039.jpg 1 50 31 39 39
0532_0027_0018_0062_0062.jpg 1 27 18 62 62
0533_0021_0038_0054_0054.jpg 1 21 38 54 54
0534_0013_0049_0028_0028.jpg 1 13 49 28 28
0535_0009_0040_0040_0040.jpg 1 9 40 40 40
0536_0031_0010_0045_0045.jpg 1 31 10 45 45
0537_0024_0047_0026_0026.jpg 1 24 47 26 26
0538_0015_0034_0061_0061.jpg 1 15 34 61 61
0539_0062_0025_0030_0030.jpg 1 62 25 30 30
0540_0041_0039_0050_0050.jpg 1 41 39 50 50
0541_0029_0031_0032_0032.jpg 1 29 31 32 32
0542_0020_0015_0053_0053.jpg 1 20 15 53 53
0543_0035_0014_0047_0047.jpg 1 35 14 47 47
0544_0020_0025_0065_0065.jpg 1 20 25 65 65
0545_0004_0033_0058_0058.jpg 1 4 33 58 58
0546_0010_0014_0066_0066.jpg 1 10 14 66 66
0547_0012_0042_0044_0044.jpg 1 12 42 44 44
0548_0053_0018_0040_0040.jpg 1 53 18 40 40
0549_0006_0015_0064_0064.jpg 1 6 15 64 64
0550_0012_0023_0058_0058.jpg 1 12 23 58 58
0551_0014_0026_0051_0051.jpg 1 14 26 51 51
0552_0043_0046_0038_0038.jpg 1 43 46 38 38
0553_0010_0015_0046_0046.jpg 1 10 15 46 46
0554_0039_0012_0041_0041.jpg 1 39 12 41 41
0555_0050_0050_0035_0035.jpg 1 50 50 35 35
0556_0031_0038_0026_0026.jpg 1 31 38 26 26
0557_0018_0006_0058_0058.jpg 1 18 6 58 58
0558_0060_0012_0028_0028.jpg 1 60 12 28 28
0559_0015_0018_0054_0054.jpg 1 15 18 54 54
0560_0045_0048_0030_0030.jpg 1 45 48 30 30
0561_0027_0025_0049_0049.jpg 1 27 25 49 49
0562_0020_0030_0053_0053.jpg 1 20 30 53 53
0563_0037_0032_0046_0046.jpg 1 37 32 46 46
0564_0006_0005_0053_0053.jpg 1 6 5 53 53
0565_0028_0006_0068_0068.jpg 1 28 6 68 68
0566_0030_0040_0051_0051.jpg 1 30 40 51 51
0567_0008_0020_0068_0068.jpg 1 8 20 68 68
0568_0004_0008_0068_0068.jpg 1 4 8 68 68
0569_0005_0036_0050_0050.jpg 1 5 36 50 50
0570_0022_0014_0044_0044.jpg 1 22 14 44 44
0571_0042_0023_0052_0052.jpg 1 42 23 52 52
0572_0016_0007_0066_0066.jpg 1 16 7 66 66
0573_0049_0062_0025_0025.jpg 1 49 62 25 25
0574_0037_0017_0040_0040.jpg 1 37 17 40 40
0575_0030_0039_0038_0038.jpg 1 30 39 38 38
0576_0036_0019_0044_0044.jpg 1 36 19 44 44
0577_0025_0045_0044_0044.jpg 1 25 45 44 44
0578_0020_0012_0042_0042.jpg 1 20 12 42 42
0579_0047_0017_0037_0037.jpg 1 47 17 37 37
0580_0028_0012_0065_0065.jpg 1 28 12 65 65
0581_0019_0022_0044_0044.jpg 1 19 22 44 44
0582_0014_0028_0061_0061.jpg 1 14 28 61 61
0583_0007_0021_0038_0038.jpg 1 7 21 38 38
0584_0039_0056_0035_0035.jpg 1 39 56 35 35
0585_0027_0026_0039_0039.jpg 1 27 26 39 39
0586_0039_0051_0028_0028.jpg 1 39 51 28 28
0587_0012_0009_0061_0061.jpg 1 12 9 61 61
0588_0055_0049_0031_0031.jpg 1 55 49 31 31
0589_0030_0047_0041_0041.jpg 1 30 47 41 41
0590_0009_0008_0049_0049.jpg 1 9 8 49 49
0591_0021_0041_0054_0054.jpg 1 21 41 54 54
0592_0050_0047_0042_0042.jpg 1 50 47 42 42
0593_0024_0010_0049_0049.jpg 1 24 10 49 49
0594_0036_0045_0031_0031.jpg 1 36 45 31 31
0595_0011_0008_0062_0062.jpg 1 11 8 62 62
0596_0021_0029_0056_0056.jpg 1 21 29 56 56
0597_0010_0019_0063_0063.jpg 1 10 19 63 63
0598_0021_0016_0064_0064.jpg 1 21 16 64 64
0599_0024_0015_0040_0040.jpg 1 24 15 40 40
0600_0016_0015_0066_0066.jpg 1 16 15 66 66
0601_0021_0025_0060_0060.jpg 1 21 25 60 60
0602_0007_0044_0036_0036.jpg 1 7 44 36 36
0603_0009_0019_0054_0054.jpg 1 9 19 54 54
0604_0019_0018_0046_0046.jpg 1 19 18 46 46
0605_0015_0011_0056_0056.jpg 1 15 11 56 56
0606_0038_0024_0054_0054.jpg 1 38 24 54 54
0607_0006_0030_0061_0061.jpg 1 6 30 61 61
0608_0037_0026_0056_0056.jpg 1 37 26 56 56
0609_0030_0016_0034_0034.jpg 1 30 16 34 34
0610_0007_0034_0062_0062.jpg 1 7 34 62 62
0611_0020_0017_0062_0062.jpg 1 20 17 62 62
0612_0017_0029_0053_0053.jpg 1 17 29 53 53
0613_0035_0025_0052_0052.jpg 1 35 25 52 52
0614_0027_0012_0061_0061.jpg 1 27 12 61 61
0615_0035_0045_0047_0047.jpg 1 35 45 47 47
0616_0030_0029_0065_0065.jpg 1 30 29 65 65
0617_0015_0029_0036_0036.jpg 1 15 29 36 36
0618_0014_0033_0054_0054.jpg 1 14 33 54 54
0619_0027_0031_0057_0057.jpg 1 27 31 57 57
0620_0017_0023_0059_0059.jpg 1 17 23 59 59
0621_0045_0010_0037_0037.jpg 1 45 10 37 37
0622_0057_0050_0026_0026.jpg 1 57 50 26 26
0623_0006_0018_0065_0065.jpg 1 6 18 65 65
0624_0033_0052_0033_0033.jpg 1 33 52 33 33
0625_0047_0007_0028_0028.jpg 1 47 7 28 28
0626_0016_0032_0034_0034.jpg 1 16 32 34 34
0627_0010_0021_0069_0069.jpg 1 10 21 69 69
0628_0060_0033_0031_0031.jpg 1 60 33 31 31
0629_0061_0014_0027_0027.jpg 1 61 14 27 27
0630_0009_0046_0026_0026.jpg 1 9 46 26 26
0631_0045_0044_0039_0039.jpg 1 45 44 39 39
0632_0016_0036_0046_0046.jpg 1 16 36 46 46
0633_0043_0020_0044_0044.jpg 1 43 20 44 44
0634_0053_0050_0030_0030.jpg 1 53 50 30 30
0635_0024_0005_0065_0065.jpg 1 24 5 65 65
0636_0015_0026_0046_0046.jpg 1 15 26 46 46
0637_0018_0017_0047_0047.jpg 1 18 17 47 47
0638_0017_0011_0048_0048.jpg 1 17 11 48 48
0639_0007_0040_0052_0052.jpg 1 7 40 52 52
0640_0014_0018_0035_0035.jpg 1 14 18 35 35
0641_0013_0044_0042_0042.jpg 1 13 44 42 42
0642_0029_0020_0065_0065.jpg 1 29 20 65 65
0643_0017_0008_0061_0061.jpg 1 17 8 61 61
0644_0023_0060_0032_0032.jpg 1 23 60 32 32
0645_0029_0030_0049_0049.jpg 1 29 30 49 49
0646_0021_0015_0028_0028.jpg 1 21 15 28 28
0647_0013_0019_0066_0066.jpg 1 13 19 66 66
0648_0026_0032_0042_0042.jpg 1 26 32 42 42
0649_0062_0024_0030_0030.jpg 1 62 24 30 30
0650_0034_0010_0024_0024.jpg 1 34 10 24 24
0651_0008_0022_0054_0054.jpg 1 8 22 54 54
0652_0021_0024_0046_0046.jpg 1 21 24 46 46
0653_0015_0037_0037_0037.jpg 1 15 37 37 37
0654_0024_0024_0044_0044.jpg 1 24 24 44 44
0655_0010_0021_0065_0065.jpg 1 10 21 65 65
0656_0013_0023_0033_0033.jpg 1 13 23 33 33
0657_0029_0008_0060_0060.jpg 1 29 8 60 60
0658_0028_0019_0063_0063.jpg 1 28 19 63 63
0659_0033_0006_0044_0044.jpg 1 33 6 44 44
0660_0063_0031_0024_0024.jpg 1 63 31 24 24
0661_0011_0009_0033_0033.jpg 1 11 9 33 33
0662_0024_0017_0041_0041.jpg 1 24 17 41 41
0663_0018_0037_0037_0037.jpg 1 18 37 37 37
0664_0034_0020_0056_0056.jpg 1 34 20 56 56
0665_0025_0053_0030_0030.jpg 1 25 53 30 30
0666_0012_0039_0034_0034.jpg 1 12 39 34 34
0667_0012_0019_0050_0050.jpg 1 12 19 50 50
0668_0044_0021_0042_0042.jpg 1 44 21 42 42
0669_0022_0034_0046_0046.jpg 1 22 34 46 46
0670_0025_0016_0056_0056.jpg 1 25 16 56 56
0671_0016_0022_0055_0055.jpg 1 16 22 55 55
0672_0053_0028_0031_0031.jpg 1 53 28 31 31
0673_0013_0041_0051_0051.jpg 1 13 41 51 51
0674_0020_0015_0043_0043.jpg 1 20 15 43 43
0675_0024_0016_0041_0041.jpg 1 24 16 41 41
0676_0029_0015_0063_0063.jpg 1 29 15 63 63
0677_0024_0008_0059_0059.jpg 1 24 8 59 59
0678_0019_0024_0038_0038.jpg 1 19 24 38 38
0679_0043_0007_0045_0045.jpg 1 43 7 45 45
0680_0019_0022_0066_0066.jpg 1 19 22 66 66
0681_0004_0015_0066_0066.jpg 1 4 15 66 66
0682_0027_0045_0036_0036.jpg 1 27 45 36 36
0683_0033_0026_0048_0048.jpg 1 33 26 48 48
0684_0048_0019_0043_0043.jpg 1 48 19 43 43
0685_0008_0031_0054_0054.jpg 1 8 31 54 54
0686_0018_0014_0050_0050.jpg 1 18 14 50 50
0687_0033_0053_0040_0040.jpg 1 33 53 40 40
0688_0045_0011_0048_0048.jpg 1 45 11 48 48
0689_0041_0014_0040_0040.jpg 1 41 14 40 40
0690_0044_0048_0035_0035.jpg 1 44 48 35 35
0691_0042_0009_0028_0028.jpg 1 42 9 28 28
0692_0015_0026_0069_0069.jpg 1 15 26 69 69
0693_0011_0018_0054_0054.jpg 1 11 18 54 54
0694_0041_0014_0053_0053.jpg 1 41 14 53 53
0695_0016_0016_0060_0060.jpg 1 16 16 60 60
0696_0012_0023_0038_0038.jpg 1 12 23 38 38
0697_0018_0025_0063_0063.jpg 1 18 25 63 63
0698_0017_0032_0029_0029.jpg 1 17 32 29 29
0699_0022_0022_0055_0055.jpg 1 22 22 55 55
0700_0034_0047_0036_0036.jpg 1 34 47 36 36
0701_0010_0008_0063_0063.jpg 1 10 8 63 63
0702_0031_0015_0043_0043.jpg 1 31 15 43 43
0703_0024_0017_0036_0036.jpg 1 24 17 36 36
0704_0032_0033_0051_0051.jpg 1 32 33 51 51
0705_0020_0004_0061_0061.jpg 1 20 4 61 61
0706_0005_0026_0062_0062.jpg 1 5 26 62 62
0707_0014_0039_0039_0039.jpg 1 14 39 39 39
0708_0020_0026_0061_0061.jpg 1 20 26 61 61
0709_0025_0012_0068_0068.jpg 1 25 12 68 68
0710_0021_0008_0055_0055.jpg 1 21 8 55 55
0711_0040_0044_0040_0040.jpg 1 40 44 40 40
0712_0011_0028_0056_0056.jpg 1 11 28 56 56
0713_0019_0038_0024_0024.jpg 1 19 38 24 24
0714_0043_0018_0050_0050.jpg 1 43 18 50 50
0715_0043_0047_0046_0046.jpg 1 43 47 46 46
0716_0010_0046_0048_0048.jpg 1 10 46 48 48
0717_0023_0043_0047_0047.jpg 1 23 43 47 47
0718_0027_0013_0054_0054.jpg 1 27 13 54 54
0719_0029_0040_0033_0033.jpg 1 29 40 33 33
0720_0007_0032_0059_0059.jpg 1 7 32 59 59
0721_0016_0011_0039_0039.jpg 1 16 11 39 39
0722_0028_0025_0048_0048.jpg 1 28 25 48 48
0723_0018_0039_0024_0024.jpg 1 18 39 24 24
0724_0050_0032_0035_0035.jpg 1 50 32 35 35
0725_0033_0006_0051_0051.jpg 1 33 6 51 51
0726_0026_0045_0048_0048.jpg 1 26 45 48 48
0727_0012_0031_0050_0050.jpg 1 12 31 50 50
0728_0017_0017_0039_0039.jpg 1 17 17 39 39
0729_0048_0048_0039_0039.jpg 1 48 48 39 39
0730_0028_0026_0056_0056.jpg 1 28 26 56 56
0731_0045_0020_0047_0047.jpg 1 45 20 47 47
0732_0011_0007_0068_0068.jpg 1 11 7 68 68
0733_0024_0022_0069_0069.jpg 1 24 22 69 69
0734_0020_0039_0053_0053.jpg 1 20 39 53 53
0735_0006_0026_0066_0066.jpg 1 6 26 66 66
0736_0012_0040_0050_0050.jpg 1 12 40 50 50
0737_0022_0042_0040_0040.jpg 1 22 42 40 40
0738_0029_0008_0066_0066.jpg 1 29 8 66 66
0739_0026_0015_0030_0030.jpg 1 26 15 30 30
0740_0041_0015_0041_0041.jpg 1 41 15 41 41
0741_0049_0027_0036_0036.jpg 1 49 27 36 36
0742_0053_0040_0040_0040.jpg 1 53 40 40 40
0743_0043_0024_0041_0041.jpg 1 43 24 41 41
0744_0037_0009_0056_0056.jpg 1 37 9 56 56
0745_0024_0016_0057_0057.jpg 1 24 16 57 57
0746_0026_0021_0068_0068.jpg 1 26 21 68 68
0747_0051_0016_0038_0038.jpg 1 51 16 38 38
0748_0019_0015_0067_0067.jpg 1 19 15 67 67
0749_0037_0040_0048_0048.jpg 1 37 40 48 48
0750_0036_0015_0045_0045.jpg 1 36 15 45 45
0751_0034_0018_0041_0041.jpg 1 34 18 41 41
0752_0054_0025_0028_0028.jpg 1 54 25 28 28
0753_0019_0026_0064_0064.jpg 1 19 26 64 64
0754_0018_0016_0068_0068.jpg 1 18 16 68 68
0755_0022_0020_0044_0044.jpg 1 22 20 44 44
0756_0021_0020_0067_0067.jpg 1 21 20 67 67
0757_0028_0046_0037_0037.jpg 1 28 46 37 37
0758_0026_0014_0044_0044.jpg 1 26 14 44 44
0759_0007_0026_0048_0048.jpg 1 7 26 48 48
0760_0050_0035_0025_0025.jpg 1 50 35 25 25
0761_0018_0055_0032_0032.jpg 1 18 55 32 32
0762_0006_0026_0050_0050.jpg 1 6 26 50 50
0763_0032_0025_0045_0045.jpg 1 32 25 45 45
0764_0008_0045_0038_0038.jpg 1 8 45 38 38
0765_0016_0011_0049_0049.jpg 1 16 11 49 49
0766_0051_0028_0025_0025.jpg 1 51 28 25 25
0767_0036_0027_0024_0024.jpg 1 36 27 24 24
0768_0019_0038_0054_0054.jpg 1 19 38 54 54
0769_0031_0024_0055_0055.jpg 1 31 24 55 55
0770_0026_0032_0058_0058.jpg 1 26 32 58 58
0771_0027_0054_0036_0036.jpg 1 27 54 36 36
0772_0029_0039_0024_0024.jpg 1 29 39 24 24
0773_0008_0034_0061_0061.jpg 1 8 34 61 61
0774_0025_0006_0069_0069.jpg 1 25 6 69 69
0775_0046_0055_0031_0031.jpg 1 46 55 31 31
0776_0066_0061_0024_0024.jpg 1 66 61 24 24
0777_0009_0060_0024_0024.jpg 1 9 60 24 24
0778_0055_0030_0035_0035.jpg 1 55 30 35 35
0779_0045_0045_0024_0024.jpg 1 45 45 24 24
0780_0019_0012_0066_0066.jpg 1 19 12 66 66
0781_0057_0050_0035_0035.jpg 1 57 50 35 35
0782_0035_0046_0045_0045.jpg 1 35 46 45 45
0783_0028_0026_0067_0067.jpg 1 28 26 67 67
0784_0012_0009_0051_0051.jpg 1 12 9 51 51
0785_0046_0021_0034_0034.jpg 1 46 21 34 34
0786_0006_0006_0054_0054.jpg 1 6 6 54 54
0787_0025_0005_0067_0067.jpg 1 25 5 67 67
0788_0028_0040_0045_0045.jpg 1 28 40 45 45
0789_0019_0047_0036_0036.jpg 1 19 47 36 36
0790_0034_0039_0035_0035.jpg 1 34 39 35 35
0791_0022_0029_0048_0048.jpg 1 22 29 48 48
0792_0032_0023_0059_0059.jpg 1 32 23 59 59
0793_0037_0025_0050_0050.jpg 1 37 25 50 50
0794_0007_0006_0053_0053.jpg 1 7 6 53 53
0795_0023_0021_0044_0044.jpg 1 23 21 44 44
0796_0024_0007_0062_0062.jpg 1 24 7 62 62
0797_0028_0031_0026_0026.jpg 1 28 31 26 26
0798_0013_0007_0032_0032.jpg 1 13 7 32 32
0799_0017_0017_0067_0067.jpg 1 17 17 67 67
0800_0028_0007_0054_0054.jpg 1 28 7 54 54
0801_0017_0016_0050_0050.jpg 1 17 16 50 50
0802_0042_0011_0047_0047.jpg 1 42 11 47 47
0803_0008_0025_0063_0063.jpg 1 8 25 63 63
0804_0007_0016_0063_0063.jpg 1 7 16 63 63
0805_0024_0008_0048_0048.jpg 1 24 8 48 48
0806_0016_0008_0062_0062.jpg 1 16 8 62 62
0807_0012_0033_0055_0055.jpg 1 12 33 55 55
0808_0055_0011_0026_0026.jpg 1 55 11 26 26
0809_0022_0031_0024_0024.jpg 1 22 31 24 24
0810_0039_0040_0046_0046.jpg 1 39 40 46 46
0811_0017_0044_0035_0035.jpg 1 17 44 35 35
0812_0012_0032_0060_0060.jpg 1 12 32 60 60
0813_0014_0049_0037_0037.jpg 1 14 49 37 37
0814_0039_0011_0045_0045.jpg 1 39 11 45 45
0815_0020_0008_0064_0064.jpg 1 20 8 64 64
0816_0023_0008_0064_0064.jpg 1 23 8 64 64
0817_0019_0023_0038_0038.jpg 1 19 23 38 38
0818_0046_0045_0036_0036.jpg 1 46 45 36 36
0819_0024_0048_0033_0033.jpg 1 24 48 33 33
0820_0016_0024_0046_0046.jpg 1 16 24 46 46
0821_0039_0014_0047_0047.jpg 1 39 14 47 47
0822_0028_0036_0053_0053.jpg 1 28 36 53 53
0823_0029_0022_0026_0026.jpg 1 29 22 26 26
0824_0016_0026_0054_0054.jpg 1 16 26 54 54
0825_0047_0035_0045_0045.jpg 1 47 35 45 45
0826_0020_0037_0056_0056.jpg 1 20 37 56 56
0827_0009_0016_0036_0036.jpg 1 9 16 36 36
0828_0031_0021_0049_0049.jpg 1 31 21 49 49
0829_0028_0055_0038_0038.jpg 1 28 55 38 38
0830_0018_0025_0059_0059.jpg 1 18 25 59 59
0831_0016_0019_0052_0052.jpg 1 16 19 52 52
0832_0030_0035_0033_0033.jpg 1 30 35 33 33
0833_0040_0044_0031_0031.jpg 1 40 44 31 31
0834_0020_0051_0042_0042.jpg 1 20 51 42 42
0835_0015_0051_0030_0030.jpg 1 15 51 30 30
0836_0021_0034_0040_0040.jpg 1 21 34 40 40
0837_0006_0016_0067_0067.jpg 1 6 16 67 67
0838_0020_0026_0058_0058.jpg 1 20 26 58 58
0839_0009_0006_0069_0069.jpg 1 9 6 69 69
0840_0052_0009_0040_0040.jpg 1 52 9 40 40
0841_0045_0024_0030_0030.jpg 1 45 24 30 30
0842_0017_0027_0055_0055.jpg 1 17 27 55 55
0843_0016_0026_0032_0032.jpg 1 16 26 32 32
0844_0018_0013_0047_0047.jpg 1 18 13 47 47
0845_0020_0014_0061_0061.jpg 1 20 14 61 61
0846_0020_0005_0063_0063.jpg 1 20 5 63 63
0847_0028_0045_0030_0030.jpg 1 28 45 30 30
0848_0010_0012_0056_0056.jpg 1 10 12 56 56
0849_0015_0035_0044_0044.jpg 1 15 35 44 44
0850_0018_0015_0059_0059.jpg 1 18 15 59 59
0851_0005_0029_0064_0064.jpg 1 5 29 64 64
0852_0038_0012_0035_0035.jpg 1 38 12 35 35
0853_0015_0028_0054_0054.jpg 1 15 28 54 54
0854_0008_0042_0047_0047.jpg 1 8 42 47 47
0855_0023_0032_0029_0029.jpg 1 23 32 29 29
0856_0037_0042_0044_0044.jpg 1 37 42 44 44
0857_0022_0019_0037_0037.jpg 1 22 19 37 37
0858_0035_0054_0037_0037.jpg 1 35 54 37 37
0859_0047_0024_0037_0037.jpg 1 47 24 37 37
0860_0021_0056_0032_0032.jpg 1 21 56 32 32
0861_0021_0014_0061_0061.jpg 1 21 14 61 61
0862_0062_0035_0029_0029.jpg 1 62 35 29 29
0863_0013_0030_0054_0054.jpg 1 13 30 54 54
0864_0024_0009_0033_0033.jpg 1 24 9 33 33
0865_0039_0013_0040_0040.jpg 1 39 13 40 40
0866_0049_0021_0028_0028.jpg 1 49 21 28 28
0867_0011_0014_0058_0058.jpg 1 11 14 58 58
0868_0033_0013_0055_0055.jpg 1 33 13 55 55
0869_0036_0031_0049_0049.jpg 1 36 31 49 49
0870_0024_0037_0056_0056.jpg 1 24 37 56 56
0871_0022_0036_0056_0056.jpg 1 22 36 56 56
0872_0037_0055_0034_0034.jpg 1 37 55 34 34
0873_0019_0033_0052_0052.jpg 1 19 33 52 52
0874_0005_0026_0047_0047.jpg 1 5 26 47 47
0875_0004_0009_0068_0068.jpg 1 4 9 68 68
0876_0037_0046_0047_0047.jpg 1 37 46 47 47
0877_0013_0015_0050_0050.jpg 1 13 15 50 50
0878_0038_0010_0052_0052.jpg 1 38 10 52 52
0879_0007_0031_0045_0045.jpg 1 7 31 45 45
0880_0007_0016_0060_0060.jpg 1 7 16 60 60
0881_0035_0011_0043_0043.jpg 1 35 11 43 43
0882_0017_0039_0055_0055.jpg 1 17 39 55 55
0883_0017_0019_0034_0034.jpg 1 17 19 34 34
0884_0044_0034_0030_0030.jpg 1 44 34 30 30
0885_0043_0035_0037_0037.jpg 1 43 35 37 37
0886_0023_0036_0029_0029.jpg 1 23 36 29 29
0887_0034_0025_0048_0048.jpg 1 34 25 48 48
0888_0058_0019_0032_0032.jpg 1 58 19 32 32
0889_0026_0038_0040_0040.jpg 1 26 38 40 40
0890_0023_0024_0064_0064.jpg 1 23 24 64 64
0891_0017_0013_0066_0066.jpg 1 17 13 66 66
0892_0022_0012_0026_0026.jpg 1 22 12 26 26
0893_0053_0031_0027_0027.jpg 1 53 31 27 27
0894_0027_0031_0064_0064.jpg 1 27 31 64 64
0895_0038_0045_0038_0038.jpg 1 38 45 38 38
0896_0006_0027_0044_0044.jpg 1 6 27 44 44
0897_0036_0011_0052_0052.jpg 1 36 11 52 52
0898_0028_0014_0050_0050.jpg 1 28 14 50 50
0899_0055_0018_0024_0024.jpg 1 55 18 24 24
0900_0011_0026_0062_0062.jpg 1 11 26 62 62
0901_0046_0026_0047_0047.jpg 1 46 26 47 47
0902_0024_0023_0058_0058.jpg 1 24 23 58 58
0903_0043_0008_0051_0051.jpg 1 43 8 51 51
0904_0034_0008_0056_0056.jpg 1 34 8 56 56
0905_0037_0031_0036_0036.jpg 1 37 31 36 36
0906_0022_0046_0027_0027.jpg 1 22 46 27 27
0907_0023_0028_0043_0043.jpg 1 23 28 43 43
0908_0020_0026_0060_0060.jpg 1 20 26 60 60
0909_0007_0030_0053_0053.jpg 1 7 30 53 53
0910_0007_0060_0027_0027.jpg 1 7 60 27 27
0911_0010_0016_0052_0052.jpg 1 10 16 52 52
0912_0011_0046_0026_0026.jpg 1 11 46 26 26
0913_0014_0038_0024_0024.jpg 1 14 38 24 24
0914_0030_0034_0055_0055.jpg 1 30 34 55 55
0915_0005_0016_0054_0054.jpg 1 5 16 54 54
0916_0032_0004_0064_0064.jpg 1 32 4 64 64
0917_0034_0053_0032_0032.jpg 1 34 53 32 32
0918_0060_0038_0031_0031.jpg 1 60 38 31 31
0919_0024_0020_0029_0029.jpg 1 24 20 29 29
0920_0018_0021_0067_0067.jpg 1 18 21 67 67
0921_0004_0037_0055_0055.jpg 1 4 37 55 55
0922_0056_0035_0037_0037.jpg 1 56 35 37 37
0923_0041_0016_0047_0047.jpg 1 41 16 47 47
0924_0032_0019_0041_0041.jpg 1 32 19 41 41
0925_0039_0055_0031_0031.jpg 1 39 55 31 31
0926_0041_0008_0049_0049.jpg 1 41 8 49 49
0927_0013_0025_0066_0066.jpg 1 13 25 66 66
0928_0025_0049_0026_0026.jpg 1 25 49 26 26
0929_0013_0015_0058_0058.jpg 1 13 15 58 58
0930_0015_0008_0065_0065.jpg 1 15 8 65 65
0931_0012_0030_0026_0026.jpg 1 12 30 26 26
0932_0019_0019_0028_0028.jpg 1 19 19 28 28
0933_0004_0006_0064_0064.jpg 1 4 6 64 64
0934_0008_0003_0065_0065.jpg 1 8 3 65 65
0935_0048_0035_0045_0045.jpg 1 48 35 45 45
0936_0012_0050_0028_0028.jpg 1 12 50 28 28
0937_0014_0027_0027_0027.jpg 1 14 27 27 27
0938_0022_0033_0046_0046.jpg 1 22 33 46 46
0939_0038_0034_0056_0056.jpg 1 38 34 56 56
0940_0003_0011_0065_0065.jpg 1 3 11 65 65
0941_0023_0024_0061_0061.jpg 1 23 24 61 61
0942_0015_0034_0054_0054.jpg 1 15 34 54 54
0943_0023_0015_0058_0058.jpg 1 23 15 58 58
0944_0062_0017_0027_0027.jpg 1 62 17 27 27
0945_0020_0024_0030_0030.jpg 1 20 24 30 30
0946_0055_0021_0028_0028.jpg 1 55 21 28 28
0947_0008_0012_0059_0059.jpg 1 8 12 59 59
0948_0033_0048_0034_0034.jpg 1 33 48 34 34
0949_0050_0029_0041_0041.jpg 1 50 29 41 41
0950_0014_0056_0034_0034.jpg 1 14 56 34 34
0951_0011_0034_0048_0048.jpg 1 11 34 48 48
0952_0060_0011_0027_0027.jpg 1 60 11 27 27
0953_0026_0005_0069_0069.jpg 1 26 5 69 69
0954_0018_0017_0056_0056.jpg 1 18 17 56 56
0955_0020_0030_0033_0033.jpg 1 20 30 33 33
0956_0033_0024_0040_0040.jpg 1 33 24 40 40
0957_0007_0005_0060_0060.jpg 1 7 5 60 60
0958_0034_0025_0046_0046.jpg 1 34 25 46 46
0959_0022_0023_0066_0066.jpg 1 22 23 66 66
0960_0022_0004_0069_0069.jpg 1 22 4 69 69
0961_0046_0009_0044_0044.jpg 1 46 9 44 44
0962_0019_0020_0032_0032.jpg 1 19 20 32 32
0963_0011_0020_0058_0058.jpg 1 11 20 58 58
0964_0014_0029_0050_0050.jpg 1 14 29 50 50
0965_0038_0042_0041_0041.jpg 1 38 42 41 41
0966_0009_0036_0053_0053.jpg 1 9 36 53 53
0967_0029_0033_0033_0033.jpg 1 29 33 33 33
0968_0042_0044_0045_0045.jpg 1 42 44 45 45
0969_0028_0028_0053_0053.jpg 1 28 28 53 53
0970_0027_0006_0068_0068.jpg 1 27 6 68 68
0971_0031_0046_0024_0024.jpg 1 31 46 24 24
0972_0023_0017_0064_0064.jpg 1 23 17 64 64
0973_0050_0038_0040_0040.jpg 1 50 38 40 40
0974_0007_0016_0062_0062.jpg 1 7 16 62 62
0975_0053_0016_0039_0039.jpg 1 53 16 39 39
0976_0046_0022_0031_0031.jpg 1 46 22 31 31
0977_0025_0004_0065_0065.jpg 1 25 4 65 65
0978_0056_0019_0035_0035.jpg 1 56 19 35 35
0979_0023_0010_0032_0032.jpg 1 23 10 32 32
0980_0019_0027_0038_0038.jpg 1 19 27 38 38
0981_0013_0004_0069_0069.jpg 1 13 4 69 69
0982_0008_0020_0062_0062.jpg 1 8 20 62 62
0983_0050_0058_0025_0025.jpg 1 50 58 25 25
0984_0019_0055_0028_0028.jpg 1 19 55 28 28
0985_0045_0039_0049_0049.jpg 1 45 39 49 49
0986_0016_0045_0039_0039.jpg 1 16 45 39 39
0987_0021_0020_0060_0060.jpg 1 21 20 60 60
0988_0019_0054_0024_0024.jpg 1 19 54 24 24
0989_0022_0003_0065_0065.jpg 1 22 3 65 65
0990_0026_0035_0042_0042.jpg 1 26 35 42 42
0991_0005_0007_0065_0065.jpg 1 5 7 65 65
0992_0050_0024_0035_0035.jpg 1 50 24 35 35
0993_0015_0004_0055_0055.jpg 1 15 4 55 55
0994_0042_0049_0026_0026.jpg 1 42 49 26 26
0995_0040_0020_0045_0045.jpg 1 40 20 45 45
0996_0012_0025_0031_0031.jpg 1 12 25 31 31
0997_0019_0014_0061_0061.jpg 1 19 14 61 61
0998_0015_0014_0060_0060.jpg 1 15 14 60 60
0999_0020_0014_0041_0041.jpg 1 20 14 41 41
1000_0047_0059_0031_0031.jpg 1 47 59 31 31
1001_0059_0037_0032_0032.jpg 1 59 37 32 32
1002_0014_0020_0058_0058.jpg 1 14 20 58 58
1003_0007_0004_0058_0058.jpg 1 7 4 58 58
1004_0011_0023_0049_0049.jpg 1 11 23 49 49
1005_0027_0014_0029_0029.jpg 1 27 14 29 29
1006_0027_0046_0045_0045.jpg 1 27 46 45 45
1007_0005_0007_0058_0058.jpg 1 5 7 58 58
1008_0008_0023_0061_0061.jpg 1 8 23 61 61
1009_0043_0057_0028_0028.jpg 1 43 57 28 28
1010_0010_0029_0052_0052.jpg 1 10 29 52 52
1011_0015_0038_0037_0037.jpg 1 15 38 37 37
1012_0015_0053_0040_0040.jpg 1 15 53 40 40
1013_0021_0030_0051_0051.jpg 1 21 30 51 51
1014_0052_0049_0039_0039.jpg 1 52 49 39 39
1015_0019_0008_0038_0038.jpg 1 19 8 38 38
1016_0044_0022_0039_0039.jpg 1 44 22 39 39
1017_0028_0019_0046_0046.jpg 1 28 19 46 46
1018_0053_0028_0037_0037.jpg 1 53 28 37 37
1019_0014_0036_0049_0049.jpg 1 14 36 49 49
1020_0042_0021_0040_0040.jpg 1 42 21 40 40
1021_0008_0004_0063_0063.jpg 1 8 4 63 63
1022_0016_0014_0058_0058.jpg 1 16 14 58 58
1023_0033_0034_0031_0031.jpg 1 33 34 31 31
1024_0043_0029_0027_0027.jpg 1 43 29 27 27
1025_0014_0022_0052_0052.jpg 1 14 22 52 52
1026_0032_0054_0037_0037.jpg 1 32 54 37 37
1027_0007_0020_0059_0059.jpg 1 7 20 59 59
1028_0039_0011_0054_0054.jpg 1 39 11 54 54
1029_0014_0018_0046_0046.jpg 1 14 18 46 46
1030_0027_0031_0065_0065.jpg 1 27 31 65 65
1031_0005_0013_0055_0055.jpg 1 5 13 55 55
1032_0033_0041_0047_0047.jpg 1 33 41 47 47
1033_0017_0045_0045_0045.jpg 1 17 45 45 45
1034_0027_0007_0063_0063.jpg 1 27 7 63 63
1035_0017_0022_0026_0026.jpg 1 17 22 26 26
1036_0040_0007_0054_0054.jpg 1 40 7 54 54
1037_0018_0020_0036_0036.jpg 1 18 20 36 36
1038_0023_0008_0069_0069.jpg 1 23 8 69 69
1039_0034_0046_0046_0046.jpg 1 34 46 46 46
1040_0027_0007_0069_0069.jpg 1 27 7 69 69
1041_0029_0020_0053_0053.jpg 1 29 20 53 53
1042_0045_0029_0047_0047.jpg 1 45 29 47 47
1043_0030_0031_0056_0056.jpg 1 30 31 56 56
1044_0033_0035_0032_0032.jpg 1 33 35 32 32
1045_0010_0025_0069_0069.jpg 1 10 25 69 69
1046_0046_0038_0031_0031.jpg 1 46 38 31 31
1047_0028_0032_0054_0054.jpg 1 28 32 54 54
1048_0044_0008_0050_0050.jpg 1 44 8 50 50
1049_0044_0028_0042_0042.jpg 1 44 28 42 42
1050_0016_0029_0065_0065.jpg 1 16 29 65 65
1051_0030_0006_0043_0043.jpg 1 30 6 43 43
1052_0030_0052_0024_0024.jpg 1 30 52 24 24
1053_0023_0035_0046_0046.jpg 1 23 35 46 46
1054_0018_0005_0063_0063.jpg 1 18 5 63 63
1055_0020_0011_0032_0032.jpg 1 20 11 32 32
1056_0020_0019_0047_0047.jpg 1 20 19 47 47
1057_0021_0012_0068_0068.jpg 1 21 12 68 68
1058_0058_0051_0029_0029.jpg 1 58 51 29 29
1059_0033_0041_0043_0043.jpg 1 33 41 43 43
1060_0018_0012_0063_0063.jpg 1 18 12 63 63
1061_0019_0003_0068_0068.jpg 1 19 3 68 68
1062_0025_0016_0027_0027.jpg 1 25 16 27 27
1063_0044_0009_0044_0044.jpg 1 44 9 44 44
1064_0055_0009_0028_0028.jpg 1 55 9 28 28
1065_0031_0028_0063_0063.jpg 1 31 28 63 63
1066_0014_0022_0055_0055.jpg 1 14 22 55 55
1067_0043_0016_0043_0043.jpg 1 43 16 43 43
1068_0011_0014_0040_0040.jpg 1 11 14 40 40
1069_0036_0027_0048_0048.jpg 1 36 27 48 48
1070_0056_0043_0027_0027.jpg 1 56 43 27 27
1071_0008_0007_0069_0069.jpg 1 8 7 69 69
1072_0013_0018_0069_0069.jpg 1 13 18 69 69
1073_0003_0021_0062_0062.jpg 1 3 21 62 62
1074_0043_0021_0051_0051.jpg 1 43 21 51 51
1075_0028_0025_0037_0037.jpg 1 28 25 37 37
1076_0039_0017_0026_0026.jpg 1 39 17 26 26
1077_0027_0027_0064_0064.jpg 1 27 27 64 64
1078_0033_0018_0049_0049.jpg 1 33 18 49 49
1079_0023_0038_0055_0055.jpg 1 23 38 55 55
1080_0055_0040_0028_0028.jpg 1 55 40 28 28
1081_0031_0034_0046_0046.jpg 1 31 34 46 46
1082_0020_0043_0048_0048.jpg 1 20 43 48 48
1083_0053_0049_0035_0035.jpg 1 53 49 35 35
1084_0018_0016_0060_0060.jpg 1 18 16 60 60
1085_0026_0021_0033_0033.jpg 1 26 21 33 33
1086_0011_0039_0049_0049.jpg 1 11 39 49 49
1087_0033_0023_0058_0058.jpg 1 33 23 58 58
1088_0049_0063_0027_0027.jpg 1 49 63 27 27
1089_0025_0011_0035_0035.jpg 1 25 11 35 35
1090_0021_0021_0051_0051.jpg 1 21 21 51 51
1091_0014_0045_0043_0043.jpg 1 14 45 43 43
1092_0036_0011_0059_0059.jpg 1 36 11 59 59
1093_0035_0005_0054_0054.jpg 1 35 5 54 54
1094_0043_0022_0038_0038.jpg 1 43 22 38 38
1095_0025_0034_0042_0042.jpg 1 25 34 42 42
1096_0036_0048_0045_0045.jpg 1 36 48 45 45
1097_0039_0020_0055_0055.jpg 1 39 20 55 55
1098_0022_0009_0052_0052.jpg 1 22 9 52 52
1099_0035_0028_0047_0047.jpg 1 35 28 47 47
1100_0041_0012_0053_0053.jpg 1 41 12 53 53
1101_0027_0014_0068_0068.jpg 1 27 14 68 68
1102_0009_0021_0029_0029.jpg 1 9 21 29 29
1103_0051_0015_0041_0041.jpg 1 51 15 41 41
1104_0034_0045_0035_0035.jpg 1 34 45 35 35
1105_0012_0013_0051_0051.jpg 1 12 13 51 51
1106_0009_0044_0041_0041.jpg 1 9 44 41 41
1107_0026_0007_0066_0066.jpg 1 26 7 66 66
1108_0063_0011_0024_0024.jpg 1 63 11 24 24
1109_0009_0024_0067_0067.jpg 1 9 24 67 67
1110_0010_0019_0065_0065.jpg 1 10 19 65 65
1111_0030_0013_0066_0066.jpg 1 30 13 66 66
1112_0008_0033_0058_0058.jpg 1 8 33 58 58
1113_0059_0032_0033_0033.jpg 1 59 32 33 33
1114_0023_0036_0051_0051.jpg 1 23 36 51 51
1115_0006_0011_0057_0057.jpg 1 6 11 57 57
1116_0016_0008_0063_0063.jpg 1 16 8 63 63
1117_0018_0008_0059_0059.jpg 1 18 8 59 59
1118_0023_0012_0055_0055.jpg 1 23 12 55 55
1119_0055_0011_0034_0034.jpg 1 55 11 34 34
1120_0047_0023_0024_0024.jpg 1 47 23 24 24
1121_0027_0032_0058_0058.jpg 1 27 32 58 58
1122_0006_0038_0046_0046.jpg 1 6 38 46 46
1123_0054_0049_0029_0029.jpg 1 54 49 29 29
1124_0015_0007_0063_0063.jpg 1 15 7 63 63
1125_0003_0019_0069_0069.jpg 1 3 19 69 69
1126_0033_0030_0063_0063.jpg 1 33 30 63 63
1127_0043_0012_0027_0027.jpg 1 43 12 27 27
1128_0030_0018_0064_0064.jpg 1 30 18 64 64
1129_0013_0015_0034_0034.jpg 1 13 15 34 34
1130_0029_0012_0060_0060.jpg 1 29 12 60 60
1131_0011_0008_0051_0051.jpg 1 11 8 51 51
1132_0034_0054_0034_0034.jpg 1 34 54 34 34
1133_0043_0051_0029_0029.jpg 1 43 51 29 29
1134_0031_0015_0059_0059.jpg 1 31 15 59 59
1135_0014_0021_0069_0069.jpg 1 14 21 69 69
1136_0008_0021_0066_0066.jpg 1 8 21 66 66
1137_0029_0053_0035_0035.jpg 1 29 53 35 35
1138_0012_0024_0066_0066.jpg 1 12 24 66 66
1139_0033_0049_0039_0039.jpg 1 33 49 39 39
1140_0017_0016_0049_0049.jpg 1 17 16 49 49
1141_0010_0008_0065_0065.jpg 1 10 8 65 65
1142_0036_0036_0046_0046.jpg 1 36 36 46 46
1143_0028_0043_0042_0042.jpg 1 28 43 42 42
1144_0016_0031_0065_0065.jpg 1 16 31 65 65
1145_0048_0042_0044_0044.jpg 1 48 42 44 44
1146_0056_0055_0026_0026.jpg 1 56 55 26 26
1147_0022_0061_0028_0028.jpg 1 22 61 28 28
1148_0034_0021_0043_0043.jpg 1 34 21 43 43
1149_0006_0011_0054_0054.jpg 1 6 11 54 54
1150_0040_0014_0053_0053.jpg 1 40 14 53 53
1151_0023_0014_0033_0033.jpg 1 23 14 33 33
1152_0015_0024_0042_0042.jpg 1 15 24 42 42
1153_0011_0017_0027_0027.jpg 1 11 17 27 27
1154_0029_0028_0027_0027.jpg 1 29 28 27 27
1155_0029_0013_0040_0040.jpg 1 29 13 40 40
1156_0006_0013_0063_0063.jpg 1 6 13 63 63
1157_0044_0027_0047_0047.jpg 1 44 27 47 47
1158_0046_0046_0033_0033.jpg 1 46 46 33 33
1159_0036_0020_0042_0042.jpg 1 36 20 42 42
1160_0018_0045_0030_0030.jpg 1 18 45 30 30
1161_0016_0048_0027_0027.jpg 1 16 48 27 27
1162_0006_0030_0045_0045.jpg 1 6 30 45 45
1163_0011_0023_0063_0063.jpg 1 11 23 63 63
1164_0006_0034_0042_0042.jpg 1 6 34 42 42
1165_0025_0008_0068_0068.jpg 1 25 8 68 68
1166_0026_0006_0054_0054.jpg 1 26 6 54 54
1167_0030_0023_0062_0062.jpg 1 30 23 62 62
1168_0013_0003_0067_0067.jpg 1 13 3 67 67
1169_0016_0020_0059_0059.jpg 1 16 20 59 59
1170_0024_0026_0046_0046.jpg 1 24 26 46 46
1171_0027_0021_0053_0053.jpg 1 27 21 53 53
1172_0042_0043_0043_0043.jpg 1 42 43 43 43
1173_0019_0017_0063_0063.jpg 1 19 17 63 63
1174_0008_0045_0043_0043.jpg 1 8 45 43 43
1175_0010_0035_0048_0048.jpg 1 10 35 48 48
1176_0006_0045_0048_0048.jpg 1 6 45 48 48
1177_0039_0039_0032_0032.jpg 1 39 39 32 32
1178_0040_0047_0041_0041.jpg 1 40 47 41 41
1179_0029_0024_0034_0034.jpg 1 29 24 34 34
1180_0030_0044_0043_0043.jpg 1 30 44 43 43
1181_0019_0018_0053_0053.jpg 1 19 18 53 53
1182_0013_0030_0043_0043.jpg 1 13 30 43 43
1183_0026_0019_0037_0037.jpg 1 26 19 37 37
1184_0020_0012_0059_0059.jpg 1 20 12 59 59
1185_0010_0017_0069_0069.jpg 1 10 17 69 69
1186_0005_0026_0044_0044.jpg 1 5 26 44 44
1187_0046_0033_0043_0043.jpg 1 46 33 43 43
1188_0011_0050_0032_0032.jpg 1 11 50 32 32
1189_0022_0016_0059_0059.jpg 1 22 16 59 59
1190_0015_0006_0066_0066.jpg 1 15 6 66 66
1191_0056_0016_0027_0027.jpg 1 56 16 27 27
1192_0044_0009_0050_0050.jpg 1 44 9 50 50
1193_0021_0025_0062_0062.jpg 1 21 25 62 62
1194_0052_0018_0033_0033.jpg 1 52 18 33 33
1195_0044_0047_0029_0029.jpg 1 44 47 29 29
1196_0016_0015_0050_0050.jpg 1 16 15 50 50
1197_0021_0009_0038_0038.jpg 1 21 9 38 38
1198_0043_0048_0044_0044.jpg 1 43 48 44 44
1199_0035_0037_0043_0043.jpg 1 35 37 43 43
1200_0039_0014_0031_0031.jpg 1 39 14 31 31
1201_0025_0014_0053_0053.jpg 1 25 14 53 53
1202_0009_0026_0068_0068.jpg 1 9 26 68 68
1203_0043_0009_0048_0048.jpg 1 43 9 48 48
1204_0011_0013_0065_0065.jpg 1 11 13 65 65
1205_0046_0022_0030_0030.jpg 1 46 22 30 30
1206_0012_0008_0040_0040.jpg 1 12 8 40 40
1207_0008_0020_0067_0067.jpg 1 8 20 67 67
1208_0044_0027_0042_0042.jpg 1 44 27 42 42
1209_0009_0024_0036_0036.jpg 1 9 24 36 36
1210_0039_0050_0031_0031.jpg 1 39 50 31 31
1211_0050_0027_0027_0027.jpg 1 50 27 27 27
1212_0018_0054_0030_0030.jpg 1 18 54 30 30
1213_0016_0024_0059_0059.jpg 1 16 24 59 59
1214_0044_0007_0029_0029.jpg 1 44 7 29 29
1215_0011_0024_0060_0060.jpg 1 11 24 60 60
1216_0023_0015_0037_0037.jpg 1 23 15 37 37
1217_0047_0042_0029_0029.jpg 1 47 42 29 29
1218_0009_0058_0031_0031.jpg 1 9 58 31 31
1219_0062_0011_0024_0024.jpg 1 62 11 24 24
1220_0041_0016_0052_0052.jpg 1 41 16 52 52
1221_0050_0028_0028_0028.jpg 1 50 28 28 28
1222_0019_0013_0067_0067.jpg 1 19 13 67 67
1223_0019_0005_0065_0065.jpg 1 19 5 65 65
1224_0015_0023_0043_0043.jpg 1 15 23 43 43
1225_0016_0034_0055_0055.jpg 1 16 34 55 55
1226_0011_0054_0039_0039.jpg 1 11 54 39 39
1227_0028_0035_0060_0060.jpg 1 28 35 60 60
1228_0009_0023_0046_0046.jpg 1 9 23 46 46
1229_0024_0010_0037_0037.jpg 1 24 10 37 37
1230_0034_0062_0030_0030.jpg 1 34 62 30 30
1231_0033_0015_0043_0043.jpg 1 33 15 43 43
1232_0008_0036_0052_0052.jpg 1 8 36 52 52
1233_0025_0058_0035_0035.jpg 1 25 58 35 35
1234_0036_0031_0057_0057.jpg 1 36 31 57 57
1235_0005_0024_0064_0064.jpg 1 5 24 64 64
1236_0027_0061_0030_0030.jpg 1 27 61 30 30
1237_0046_0040_0039_0039.jpg 1 46 40 39 39
1238_0036_0040_0038_0038.jpg 1 36 40 38 38
1239_0044_0049_0031_0031.jpg 1 44 49 31 31
1240_0033_0021_0057_0057.jpg 1 33 21 57 57
1241_0036_0041_0036_0036.jpg 1 36 41 36 36
1242_0032_0019_0056_0056.jpg 1 32 19 56 56
1243_0008_0033_0040_0040.jpg 1 8 33 40 40
1244_0018_0021_0057_0057.jpg 1 18 21 57 57
1245_0024_0020_0065_0065.jpg 1 24 20 65 65
1246_0008_0014_0067_0067.jpg 1 8 14 67 67
1247_0018_0027_0050_0050.jpg 1 18 27 50 50
1248_0022_0015_0060_0060.jpg 1 22 15 60 60
1249_0017_0003_0068_0068.jpg 1 17 3 68 68
1250_0019_0013_0067_0067.jpg 1 19 13 67 67
1251_0057_0033_0034_0034.jpg 1 57 33 34 34
1252_0050_0057_0024_0024.jpg 1 50 57 24 24
1253_0017_0036_0053_0053.jpg 1 17 36 53 53
1254_0011_0025_0038_0038.jpg 1 11 25 38 38
1255_0019_0027_0059_0059.jpg 1 19 27 59 59
1256_0017_0009_0039_0039.jpg 1 17 9 39 39
1257_0043_0025_0040_0040.jpg 1 43 25 40 40
1258_0020_0030_0046_0046.jpg 1 20 30 46 46
1259_0039_0015_0036_0036.jpg 1 39 15 36 36
1260_0016_0043_0039_0039.jpg 1 16 43 39 39
1261_0067_0056_0024_0024.jpg 1 67 56 24 24
1262_0035_0033_0056_0056.jpg 1 35 33 56 56
1263_0019_0031_0025_0025.jpg 1 19 31 25 25
1264_0010_0033_0045_0045.jpg 1 10 33 45 45
1265_0041_0021_0044_0044.jpg 1 41 21 44 44
1266_0022_0008_0068_0068.jpg 1 22 8 68 68
1267_0007_0013_0065_0065.jpg 1 7 13 65 65
1268_0058_0060_0025_0025.jpg 1 58 60 25 25
1269_0026_0028_0043_0043.jpg 1 26 28 43 43
1270_0005_0022_0056_0056.jpg 1 5 22 56 56
1271_0044_0041_0042_0042.jpg 1 44 41 42 42
1272_0006_0016_0069_0069.jpg 1 6 16 69 69
1273_0017_0014_0065_0065.jpg 1 17 14 65 65
1274_0029_0008_0055_0055.jpg 1 29 8 55 55
1275_0044_0009_0048_0048.jpg 1 44 9 48 48
1276_0057_0046_0033_0033.jpg 1 57 46 33 33
1277_0048_0040_0040_0040.jpg 1 48 40 40 40
1278_0044_0044_0027_0027.jpg 1 44 44 27 27
1279_0008_0010_0035_0035.jpg 1 8 10 35 35
1280_0005_0026_0058_0058.jpg 1 5 26 58 58
1281_0008_0022_0030_0030.jpg 1 8 22 30 30
1282_0062_0061_0029_0029.jpg 1 62 61 29 29
1283_0022_0012_0056_0056.jpg 1 22 12 56 56
1284_0028_0025_0030_0030.jpg 1 28 25 30 30
1285_0029_0051_0038_0038.jpg 1 29 51 38 38
1286_0048_0055_0024_0024.jpg 1 48 55 24 24
1287_0021_0012_0033_0033.jpg 1 21 12 33 33
1288_0005_0026_0068_0068.jpg 1 5 26 68 68
1289_0020_0047_0033_0033.jpg 1 20 47 33 33
1290_0051_0019_0031_0031.jpg 1 51 19 31 31
1291_0005_0036_0051_0051.jpg 1 5 36 51 51
1292_0021_0049_0034_0034.jpg 1 21 49 34 34
1293_0034_0032_0056_0056.jpg 1 34 32 56 56
1294_0035_0015_0057_0057.jpg 1 35 15 57 57
1295_0046_0010_0040_0040.jpg 1 46 10 40 40
1296_0004_0019_0063_0063.jpg 1 4 19 63 63
1297_0027_0029_0031_0031.jpg 1 27 29 31 31
1298_0018_0048_0045_0045.jpg 1 18 48 45 45
1299_0020_0020_0051_0051.jpg 1 20 20 51 51
1300_0016_0055_0024_0024.jpg 1 16 55 24 24
1301_0034_0029_0039_0039.jpg 1 34 29 39 39
1302_0029_0019_0051_0051.jpg 1 29 19 51 51
1303_0055_0044_0030_0030.jpg 1 55 44 30 30
1304_0010_0029_0063_0063.jpg 1 10 29 63 63
1305_0034_0029_0046_0046.jpg 1 34 29 46 46
1306_0016_0025_0060_0060.jpg 1 16 25 60 60
1307_0006_0018_0042_0042.jpg 1 6 18 42 42
1308_0051_0064_0025_0025.jpg 1 51 64 25 25
1309_0010_0024_0042_0042.jpg 1 10 24 42 42
1310_0011_0013_0066_0066.jpg 1 11 13 66 66
1311_0019_0022_0053_0053.jpg 1 19 22 53 53
1312_0047_0027_0034_0034.jpg 1 47 27 34 34
1313_0035_0010_0036_0036.jpg 1 35 10 36 36
1314_0030_0018_0063_0063.jpg 1 30 18 63 63
1315_0026_0005_0048_0048.jpg 1 26 5 48 48
1316_0017_0014_0044_0044.jpg 1 17 14 44 44
1317_0023_0027_0065_0065.jpg 1 23 27 65 65
1318_0039_0043_0039_0039.jpg 1 39 43 39 39
1319_0034_0052_0029_0029.jpg 1 34 52 29 29
1320_0005_0030_0060_0060.jpg 1 5 30 60 60
1321_0031_0019_0026_0026.jpg 1 31 19 26 26
1322_0009_0009_0055_0055.jpg 1 9 9 55 55
1323_0018_0026_0063_0063.jpg 1 18 26 63 63
1324_0006_0026_0060_0060.jpg 1 6 26 60 60
1325_0028_0017_0037_0037.jpg 1 28 17 37 37
1326_0024_0012_0061_0061.jpg 1 24 12 61 61
1327_0023_0003_0063_0063.jpg 1 23 3 63 63
1328_0011_0030_0060_0060.jpg 1 11 30 60 60
1329_0042_0037_0045_0045.jpg 1 42 37 45 45
1330_0028_0030_0066_0066.jpg 1 28 30 66 66
1331_0030_0036_0058_0058.jpg 1 30 36 58 58
1332_0024_0030_0026_0026.jpg 1 24 30 26 26
1333_0048_0035_0040_0040.jpg 1 48 35 40 40
1334_0037_0033_0051_0051.jpg 1 37 33 51 51
1335_0035_0059_0024_0024.jpg 1 35 59 24 24
1336_0027_0016_0035_0035.jpg 1 27 16 35 35
1337_0039_0007_0042_0042.jpg 1 39 7 42 42
1338_0046_0007_0044_0044.jpg 1 46 7 44 44
1339_0013_0047_0033_0033.jpg 1 13 47 33 33
1340_0054_0013_0030_0030.jpg 1 54 13 30 30
1341_0009_0026_0047_0047.jpg 1 9 26 47 47
1342_0047_0029_0046_0046.jpg 1 47 29 46 46
1343_0031_0023_0035_0035.jpg 1 31 23 35 35
1344_0011_0012_0065_0065.jpg 1 11 12 65 65
1345_0048_0046_0038_0038.jpg 1 48 46 38 38
1346_0003_0026_0068_0068.jpg 1 3 26 68 68
1347_0024_0008_0043_0043.jpg 1 24 8 43 43
1348_0017_0012_0065_0065.jpg 1 17 12 65 65
1349_0038_0033_0047_0047.jpg 1 38 33 47 47
1350_0030_0025_0039_0039.jpg 1 30 25 39 39
1351_0039_0012_0055_0055.jpg 1 39 12 55 55
1352_0025_0033_0047_0047.jpg 1 25 33 47 47
1353_0027_0021_0065_0065.jpg 1 27 21 65 65
1354_0020_0013_0031_0031.jpg 1 20 13 31 31
1355_0005_0008_0067_0067.jpg 1 5 8 67 67
1356_0033_0029_0027_0027.jpg 1 33 29 27 27
1357_0012_0020_0064_0064.jpg 1 12 20 64 64
1358_0033_0020_0053_0053.jpg 1 33 20 53 53
1359_0032_0004_0056_0056.jpg 1 32 4 56 56
1360_0043_0012_0042_0042.jpg 1 43 12 42 42
1361_0031_0035_0045_0045.jpg 1 31 35 45 45
1362_0007_0052_0036_0036.jpg 1 7 52 36 36
1363_0024_0005_0064_0064.jpg 1 24 5 64 64
1364_0006_0029_0066_0066.jpg 1 6 29 66 66
1365_0012_0037_0040_0040.jpg 1 12 37 40 40
1366_0014_0017_0031_0031.jpg 1 14 17 31 31
1367_0020_0022_0046_0046.jpg 1 20 22 46 46
1368_0032_0008_0053_0053.jpg 1 32 8 53 53
1369_0025_0029_0044_0044.jpg 1 25 29 44 44
1370_0033_0027_0061_0061.jpg 1 33 27 61 61
1371_0009_0034_0038_0038.jpg 1 9 34 38 38
1372_0025_0025_0028_0028.jpg 1 25 25 28 28
1373_0015_0005_0068_0068.jpg 1 15 5 68 68
1374_0030_0023_0061_0061.jpg 1 30 23 61 61
1375_0047_0028_0026_0026.jpg 1 47 28 26 26
1376_0010_0013_0057_0057.jpg 1 10 13 57 57
1377_0026_0010_0054_0054.jpg 1 26 10 54 54
1378_0027_0024_0058_0058.jpg 1 27 24 58 58
1379_0043_0010_0043_0043.jpg 1 43 10 43 43
1380_0019_0040_0035_0035.jpg 1 19 40 35 35
1381_0026_0027_0029_0029.jpg 1 26 27 29 29
1382_0050_0032_0037_0037.jpg 1 50 32 37 37
1383_0053_0010_0034_0034.jpg 1 53 10 34 34
1384_0019_0029_0058_0058.jpg 1 19 29 58 58
1385_0010_0015_0049_0049.jpg 1 10 15 49 49
1386_0038_0046_0032_0032.jpg 1 38 46 32 32
1387_0005_0005_0065_0065.jpg 1 5 5 65 65
1388_0006_0022_0038_0038.jpg 1 6 22 38 38
1389_0052_0016_0034_0034.jpg 1 52 16 34 34
1390_0059_0032_0029_0029.jpg 1 59 32 29 29
1391_0007_0045_0044_0044.jpg 1 7 45 44 44
1392_0021_0043_0037_0037.jpg 1 21 43 37 37
1393_0014_0050_0024_0024.jpg 1 14 50 24 24
1394_0014_0033_0058_0058.jpg 1 14 33 58 58
1395_0020_0021_0052_0052.jpg 1 20 21 52 52
1396_0024_0016_0051_0051.jpg 1 24 16 51 51
1397_0018_0023_0050_0050.jpg 1 18 23 50 50
1398_0029_0010_0044_0044.jpg 1 29 10 44 44
1399_0046_0034_0047_0047.jpg 1 46 34 47 47
1400_0029_0029_0059_0059.jpg 1 29 29 59 59
1401_0008_0016_0054_0054.jpg 1 8 16 54 54
1402_0033_0015_0033_0033.jpg 1 33 15 33 33
1403_0008_0013_0064_0064.jpg 1 8 13 64 64
1404_0050_0038_0039_0039.jpg 1 50 38 39 39
1405_0011_0046_0043_0043.jpg 1 11 46 43 43
1406_0042_0033_0029_0029.jpg 1 42 33 29 29
1407_0022_0028_0067_0067.jpg 1 22 28 67 67
1408_0042_0009_0051_0051.jpg 1 42 9 51 51
1409_0005_0027_0068_0068.jpg 1 5 27 68 68
1410_0005_0028_0057_0057.jpg 1 5 28 57 57
1411_0023_0034_0038_0038.jpg 1 23 34 38 38
1412_0014_0054_0031_0031.jpg 1 14 54 31 31
1413_0008_0003_0064_0064.jpg 1 8 3 64 64
1414_0016_0025_0058_0058.jpg 1 16 25 58 58
1415_0020_0038_0042_0042.jpg 1 20 38 42 42
1416_0010_0036_0049_0049.jpg 1 10 36 49 49
1417_0025_0032_0063_0063.jpg 1 25 32 63 63
1418_0024_0015_0051_0051.jpg 1 24 15 51 51
1419_0041_0041_0049_0049.jpg 1 41 41 49 49
1420_0014_0009_0061_0061.jpg 1 14 9 61 61
1421_0023_0012_0061_0061.jpg 1 23 12 61 61
1422_0041_0018_0052_0052.jpg 1 41 18 52 52
1423_0005_0018_0067_0067.jpg 1 5 18 67 67
1424_0011_0031_0038_0038.jpg 1 11 31 38 38
1425_0012_0015_0065_0065.jpg 1 12 15 65 65
1426_0029_0019_0063_0063.jpg 1 29 19 63 63
1427_0022_0043_0039_0039.jpg 1 22 43 39 39
1428_0038_0047_0046_0046.jpg 1 38 47 46 46
1429_0029_0032_0049_0049.jpg 1 29 32 49 49
1430_0017_0010_0064_0064.jpg 1 17 10 64 64
1431_0048_0040_0032_0032.jpg 1 48 40 32 32
1432_0012_0004_0053_0053.jpg 1 12 4 53 53
1433_0043_0010_0037_0037.jpg 1 43 10 37 37
1434_0023_0019_0066_0066.jpg 1 23 19 66 66
1435_0020_0021_0050_0050.jpg 1 20 21 50 50
1436_0034_0008_0053_0053.jpg 1 34 8 53 53
1437_0014_0036_0032_0032.jpg 1 14 36 32 32
1438_0041_0019_0045_0045.jpg 1 41 19 45 45
1439_0035_0015_0059_0059.jpg 1 35 15 59 59
1440_0009_0020_0060_0060.jpg 1 9 20 60 60
1441_0040_0006_0039_0039.jpg 1 40 6 39 39
1442_0021_0029_0051_0051.jpg 1 21 29 51 51
1443_0046_0010_0043_0043.jpg 1 46 10 43 43
1444_0018_0015_0052_0052.jpg 1 18 15 52 52
1445_0020_0032_0045_0045.jpg 1 20 32 45 45
1446_0038_0053_0027_0027.jpg 1 38 53 27 27
1447_0031_0011_0058_0058.jpg 1 31 11 58 58
1448_0037_0007_0058_0058.jpg 1 37 7 58 58
1449_0025_0057_0035_0035.jpg 1 25 57 35 35
1450_0014_0016_0067_0067.jpg 1 14 16 67 67
1451_0036_0024_0030_0030.jpg 1 36 24 30 30
1452_0051_0037_0034_0034.jpg 1 51 37 34 34
1453_0019_0019_0063_0063.jpg 1 19 19 63 63
1454_0016_0016_0064_0064.jpg 1 16 16 64 64
1455_0023_0026_0043_0043.jpg 1 23 26 43 43
1456_0019_0026_0045_0045.jpg 1 19 26 45 45
1457_0030_0026_0042_0042.jpg 1 30 26 42 42
1458_0011_0020_0044_0044.jpg 1 11 20 44 44
1459_0007_0034_0030_0030.jpg 1 7 34 30 30
1460_0036_0027_0035_0035.jpg 1 36 27 35 35
1461_0007_0016_0062_0062.jpg 1 7 16 62 62
1462_0025_0035_0044_0044.jpg 1 25 35 44 44
1463_0038_0038_0049_0049.jpg 1 38 38 49 49
1464_0036_0010_0050_0050.jpg 1 36 10 50 50
1465_0015_0030_0040_0040.jpg 1 15 30 40 40
1466_0031_0024_0052_0052.jpg 1 31 24 52 52
1467_0030_0019_0025_0025.jpg 1 30 19 25 25
1468_0033_0051_0035_0035.jpg 1 33 51 35 35
1469_0018_0042_0034_0034.jpg 1 18 42 34 34
1470_0019_0035_0053_0053.jpg 1 19 35 53 53
1471_0022_0031_0052_0052.jpg 1 22 31 52 52
1472_0031_0040_0036_0036.jpg 1 31 40 36 36
1473_0017_0006_0065_0065.jpg 1 17 6 65 65
1474_0030_0041_0041_0041.jpg 1 30 41 41 41
1475_0048_0018_0044_0044.jpg 1 48 18 44 44
1476_0025_0017_0063_0063.jpg 1 25 17 63 63
1477_0016_0024_0062_0062.jpg 1 16 24 62 62
1478_0038_0019_0049_0049.jpg 1 38 19 49 49
1479_0018_0028_0044_0044.jpg 1 18 28 44 44
1480_0041_0020_0036_0036.jpg 1 41 20 36 36
1481_0011_0011_0068_0068.jpg 1 11 11 68 68
1482_0019_0015_0049_0049.jpg 1 19 15 49 49
1483_0010_0021_0056_0056.jpg 1 10 21 56 56
1484_0018_0041_0036_0036.jpg 1 18 41 36 36
1485_0019_0043_0047_0047.jpg 1 19 43 47 47
1486_0008_0023_0030_0030.jpg 1 8 23 30 30
1487_0048_0016_0037_0037.jpg 1 48 16 37 37
1488_0013_0026_0064_0064.jpg 1 13 26 64 64
1489_0052_0038_0033_0033.jpg 1 52 38 33 33
1490_0005_0025_0057_0057.jpg 1 5 25 57 57
1491_0022_0017_0063_0063.jpg 1 22 17 63 63
1492_0027_0018_0044_0044.jpg 1 27 18 44 44
1493_0043_0005_0051_0051.jpg 1 43 5 51 51
1494_0026_0011_0061_0061.jpg 1 26 11 61 61
1495_0014_0016_0054_0054.jpg 1 14 16 54 54
1496_0014_0046_0032_0032.jpg 1 14 46 32 32
1497_0015_0012_0067_0067.jpg 1 15 12 67 67
1498_0031_0025_0056_0056.jpg 1 31 25 56 56
1499_0061_0044_0027_0027.jpg 1 61 44 27 27
1500_0024_0043_0033_0033.jpg 1 24 43 33 33
1501_0035_0026_0027_0027.jpg 1 35 26 27 27
1502_0006_0026_0041_0041.jpg 1 6 26 41 41
1503_0013_0007_0069_0069.jpg 1 13 7 69 69
1504_0023_0032_0050_0050.jpg 1 23 32 50 50
1505_0016_0019_0037_0037.jpg 1 16 19 37 37
1506_0031_0025_0060_0060.jpg 1 31 25 60 60
1507_0051_0057_0024_0024.jpg 1 51 57 24 24
1508_0037_0009_0055_0055.jpg 1 37 9 55 55
1509_0047_0040_0044_0044.jpg 1 47 40 44 44
1510_0011_0036_0058_0058.jpg 1 11 36 58 58
1511_0008_0048_0031_0031.jpg 1 8 48 31 31
1512_0053_0010_0035_0035.jpg 1 53 10 35 35
1513_0017_0023_0046_0046.jpg 1 17 23 46 46
1514_0042_0037_0041_0041.jpg 1 42 37 41 41
1515_0054_0047_0033_0033.jpg 1 54 47 33 33
1516_0029_0022_0024_0024.jpg 1 29 22 24 24
1517_0024_0019_0049_0049.jpg 1 24 19 49 49
1518_0053_0063_0027_0027.jpg 1 53 63 27 27
1519_0017_0025_0036_0036.jpg 1 17 25 36 36
1520_0059_0046_0034_0034.jpg 1 59 46 34 34
1521_0023_0011_0062_0062.jpg 1 23 11 62 62
1522_0032_0023_0038_0038.jpg 1 32 23 38 38
1523_0043_0012_0039_0039.jpg 1 43 12 39 39
1524_0051_0042_0030_0030.jpg 1 51 42 30 30
1525_0036_0043_0048_0048.jpg 1 36 43 48 48
1526_0020_0024_0046_0046.jpg 1 20 24 46 46
1527_0007_0038_0050_0050.jpg 1 7 38 50 50
1528_0022_0018_0043_0043.jpg 1 22 18 43 43
1529_0018_0006_0065_0065.jpg 1 18 6 65 65
1530_0011_0019_0065_0065.jpg 1 11 19 65 65
1531_0027_0021_0060_0060.jpg 1 27 21 60 60
1532_0009_0021_0060_0060.jpg 1 9 21 60 60
1533_0021_0026_0039_0039.jpg 1 21 26 39 39
1534_0038_0029_0036_0036.jpg 1 38 29 36 36
1535_0031_0039_0044_0044.jpg 1 31 39 44 44
1536_0034_0006_0045_0045.jpg 1 34 6 45 45
1537_0041_0012_0027_0027.jpg 1 41 12 27 27
1538_0014_0013_0069_0069.jpg 1 14 13 69 69
1539_0022_0009_0059_0059.jpg 1 22 9 59 59
1540_0033_0026_0054_0054.jpg 1 33 26 54 54
1541_0035_0008_0051_0051.jpg 1 35 8 51 51
1542_0007_0009_0067_0067.jpg 1 7 9 67 67
1543_0025_0035_0048_0048.jpg 1 25 35 48 48
1544_0041_0030_0024_0024.jpg 1 41 30 24 24
1545_0007_0010_0067_0067.jpg 1 7 10 67 67
1546_0016_0017_0065_0065.jpg 1 16 17 65 65
1547_0038_0045_0027_0027.jpg 1 38 45 27 27
1548_0028_0015_0047_0047.jpg 1 28 15 47 47
1549_0041_0037_0032_0032.jpg 1 41 37 32 32
1550_0010_0020_0065_0065.jpg 1 10 20 65 65
1551_0032_0032_0034_0034.jpg 1 32 32 34 34
1552_0019_0032_0030_0030.jpg 1 19 32 30 30
1553_0038_0047_0029_0029.jpg 1 38 47 29 29
1554_0034_0010_0043_0043.jpg 1 34 10 43 43
1555_0022_0046_0035_0035.jpg 1 22 46 35 35
1556_0041_0016_0027_0027.jpg 1 41 16 27 27
1557_0056_0060_0028_0028.jpg 1 56 60 28 28
1558_0019_0019_0026_0026.jpg 1 19 19 26 26
1559_0016_0028_0029_0029.jpg 1 16 28 29 29
1560_0010_0016_0054_0054.jpg 1 10 16 54 54
1561_0046_0005_0048_0048.jpg 1 46 5 48 48
1562_0016_0019_0035_0035.jpg 1 16 19 35 35
1563_0016_0030_0063_0063.jpg 1 16 30 63 63
1564_0022_0015_0062_0062.jpg 1 22 15 62 62
1565_0025_0033_0058_0058.jpg 1 25 33 58 58
1566_0012_0015_0068_0068.jpg 1 12 15 68 68
1567_0031_0046_0045_0045.jpg 1 31 46 45 45
1568_0023_0030_0028_0028.jpg 1 23 30 28 28
1569_0032_0020_0061_0061.jpg 1 32 20 61 61
1570_0021_0043_0039_0039.jpg 1 21 43 39 39
1571_0018_0042_0050_0050.jpg 1 18 42 50 50
1572_0036_0031_0039_0039.jpg 1 36 31 39 39
1573_0026_0023_0053_0053.jpg 1 26 23 53 53
1574_0054_0053_0033_0033.jpg 1 54 53 33 33
1575_0025_0030_0056_0056.jpg 1 25 30 56 56
1576_0005_0038_0044_0044.jpg 1 5 38 44 44
1577_0037_0044_0046_0046.jpg 1 37 44 46 46
1578_0023_0025_0058_0058.jpg 1 23 25 58 58
1579_0037_0053_0036_0036.jpg 1 37 53 36 36
1580_0026_0032_0059_0059.jpg 1 26 32 59 59
1581_0038_0007_0041_0041.jpg 1 38 7 41 41
1582_0031_0036_0059_0059.jpg 1 31 36 59 59
1583_0008_0005_0051_0051.jpg 1 8 5 51 51
1584_0025_0028_0057_0057.jpg 1 25 28 57 57
1585_0025_0014_0024_0024.jpg 1 25 14 24 24
1586_0005_0017_0056_0056.jpg 1 5 17 56 56
1587_0013_0037_0049_0049.jpg 1 13 37 49 49
1588_0005_0040_0053_0053.jpg 1 5 40 53 53
1589_0030_0016_0049_0049.jpg 1 30 16 49 49
1590_0052_0033_0026_0026.jpg 1 52 33 26 26
1591_0012_0014_0067_0067.jpg 1 12 14 67 67
1592_0029_0043_0028_0028.jpg 1 29 43 28 28
1593_0018_0016_0028_0028.jpg 1 18 16 28 28
1594_0031_0019_0053_0053.jpg 1 31 19 53 53
1595_0019_0014_0065_0065.jpg 1 19 14 65 65
1596_0040_0021_0049_0049.jpg 1 40 21 49 49
1597_0036_0027_0055_0055.jpg 1 36 27 55 55
1598_0024_0007_0069_0069.jpg 1 24 7 69 69
1599_0015_0011_0031_0031.jpg 1 15 11 31 31
1600_0038_0015_0056_0056.jpg 1 38 15 56 56
1601_0032_0011_0031_0031.jpg 1 32 11 31 31
1602_0028_0019_0063_0063.jpg 1 28 19 63 63
1603_0020_0024_0054_0054.jpg 1 20 24 54 54
1604_0009_0041_0035_0035.jpg 1 9 41 35 35
1605_0007_0008_0068_0068.jpg 1 7 8 68 68
1606_0019_0032_0027_0027.jpg 1 19 32 27 27
1607_0022_0044_0047_0047.jpg 1 22 44 47 47
1608_0010_0025_0048_0048.jpg 1 10 25 48 48
1609_0025_0007_0026_0026.jpg 1 25 7 26 26
1610_0016_0052_0039_0039.jpg 1 16 52 39 39
1611_0030_0024_0051_0051.jpg 1 30 24 51 51
1612_0038_0006_0052_0052.jpg 1 38 6 52 52
1613_0044_0034_0026_0026.jpg 1 44 34 26 26
1614_0017_0032_0028_0028.jpg 1 17 32 28 28
1615_0019_0008_0049_0049.jpg 1 19 8 49 49
1616_0043_0038_0050_0050.jpg 1 43 38 50 50
1617_0020_0033_0048_0048.jpg 1 20 33 48 48
1618_0022_0003_0066_0066.jpg 1 22 3 66 66
1619_0040_0017_0047_0047.jpg 1 40 17 47 47
1620_0006_0016_0041_0041.jpg 1 6 16 41 41
1621_0034_0050_0039_0039.jpg 1 34 50 39 39
1622_0037_0020_0051_0051.jpg 1 37 20 51 51
1623_0027_0010_0069_0069.jpg 1 27 10 69 69
1624_0017_0036_0059_0059.jpg 1 17 36 59 59
1625_0039_0029_0048_0048.jpg 1 39 29 48 48
1626_0015_0019_0061_0061.jpg 1 15 19 61 61
1627_0056_0042_0036_0036.jpg 1 56 42 36 36
1628_0030_0052_0025_0025.jpg 1 30 52 25 25
1629_0023_0038_0046_0046.jpg 1 23 38 46 46
1630_0035_0030_0039_0039.jpg 1 35 30 39 39
1631_0009_0011_0062_0062.jpg 1 9 11 62 62
1632_0026_0017_0039_0039.jpg 1 26 17 39 39
1633_0010_0024_0041_0041.jpg 1 10 24 41 41
1634_0011_0009_0058_0058.jpg 1 11 9 58 58
1635_0004_0028_0066_0066.jpg 1 4 28 66 66
1636_0033_0037_0024_0024.jpg 1 33 37 24 24
1637_0035_0034_0028_0028.jpg 1 35 34 28 28
1638_0015_0028_0063_0063.jpg 1 15 28 63 63
1639_0030_0044_0024_0024.jpg 1 30 44 24 24
1640_0033_0015_0058_0058.jpg 1 33 15 58 58
1641_0021_0009_0062_0062.jpg 1 21 9 62 62
1642_0026_0048_0039_0039.jpg 1 26 48 39 39
1643_0020_0045_0041_0041.jpg 1 20 45 41 41
1644_0010_0011_0062_0062.jpg 1 10 11 62 62
1645_0036_0016_0037_0037.jpg 1 36 16 37 37
1646_0035_0019_0060_0060.jpg 1 35 19 60 60
1647_0024_0056_0034_0034.jpg 1 24 56 34 34
1648_0023_0008_0064_0064.jpg 1 23 8 64 64
1649_0034_0013_0033_0033.jpg 1 34 13 33 33
1650_0022_0047_0046_0046.jpg 1 22 47 46 46
1651_0027_0046_0037_0037.jpg 1 27 46 37 37
1652_0006_0016_0068_0068.jpg 1 6 16 68 68
1653_0006_0015_0041_0041.jpg 1 6 15 41 41
1654_0039_0010_0039_0039.jpg 1 39 10 39 39
1655_0013_0038_0050_0050.jpg 1 13 38 50 50
1656_0008_0013_0062_0062.jpg 1 8 13 62 62
1657_0038_0013_0033_0033.jpg 1 38 13 33 33
1658_0024_0020_0066_0066.jpg 1 24 20 66 66
1659_0027_0016_0045_0045.jpg 1 27 16 45 45
1660_0010_0007_0068_0068.jpg 1 10 7 68 68
1661_0007_0035_0039_0039.jpg 1 7 35 39 39
1662_0055_0044_0035_0035.jpg 1 55 44 35 35
1663_0008_0026_0042_0042.jpg 1 8 26 42 42
1664_0012_0025_0058_0058.jpg 1 12 25 58 58
1665_0050_0025_0042_0042.jpg 1 50 25 42 42
1666_0023_0010_0066_0066.jpg 1 23 10 66 66
1667_0013_0009_0053_0053.jpg 1 13 9 53 53
1668_0025_0004_0063_0063.jpg 1 25 4 63 63
1669_0040_0042_0044_0044.jpg 1 40 42 44 44
1670_0036_0025_0038_0038.jpg 1 36 25 38 38
1671_0061_0018_0029_0029.jpg 1 61 18 29 29
1672_0004_0018_0064_0064.jpg 1 4 18 64 64
1673_0008_0037_0035_0035.jpg 1 8 37 35 35
1674_0056_0015_0031_0031.jpg 1 56 15 31 31
1675_0024_0014_0050_0050.jpg 1 24 14 50 50
1676_0013_0031_0052_0052.jpg 1 13 31 52 52
1677_0029_0039_0027_0027.jpg 1 29 39 27 27
1678_0040_0016_0047_0047.jpg 1 40 16 47 47
1679_0037_0042_0053_0053.jpg 1 37 42 53 53
1680_0015_0047_0045_0045.jpg 1 15 47 45 45
